#
#model:
#
#<?xml version="1.0" encoding="UTF-8" standalone="no"?><input id="posterior" spec="beast.core.util.CompoundDistribution">
#    <distribution id="speciescoalescent" spec="beast.core.util.CompoundDistribution">
#        <distribution id="SpeciesTreePopSize.Species" spec="starbeast3.SpeciesTreePrior">
#            <parameter dimension="15" id="popSize" name="bottomPopSize" spec="beast.core.parameter.RealParameter">100.0</parameter>
#            <parameter id="popMean" name="gammaParameter" spec="beast.core.parameter.RealParameter">1.0</parameter>
#            <populationModel id="speciesTreePopulationModel" populationSizes="@popSize" spec="starbeast3.evolution.speciation.ConstantPopulations">
#                <speciesTree id="Tree.t:Species" spec="starbeast3.SpeciesTree">
#                    <taxonset id="taxonsuperset" spec="beast.evolution.alignment.TaxonSet">
#                        <taxon id="townsendii" spec="beast.evolution.alignment.TaxonSet">
#                            <taxon id="Thomomys_townsendii_townsendii" spec="beast.evolution.alignment.Taxon"/>
#                            <taxon id="Thomomys_townsendii_relictus" spec="beast.evolution.alignment.Taxon"/>
#                        </taxon>
#                        <taxon id="talpoides" spec="beast.evolution.alignment.TaxonSet">
#                            <taxon id="Thomomys_talpoides_ocius" spec="beast.evolution.alignment.Taxon"/>
#                            <taxon id="Thomomys_talpoides_yakimensis" spec="beast.evolution.alignment.Taxon"/>
#                            <taxon id="Thomomys_talpoides_bridgeri" spec="beast.evolution.alignment.Taxon"/>
#                        </taxon>
#                        <taxon id="idahoensis" spec="beast.evolution.alignment.TaxonSet">
#                            <taxon id="Thomomys_idahoensis_pygmaeus_a" spec="beast.evolution.alignment.Taxon"/>
#                            <taxon id="Thomomys_idahoensis_pygmaeus_b" spec="beast.evolution.alignment.Taxon"/>
#                        </taxon>
#                        <taxon id="umbrinus" spec="beast.evolution.alignment.TaxonSet">
#                            <taxon id="Thomomys_umbrinus_chihuahuae" spec="beast.evolution.alignment.Taxon"/>
#                            <taxon id="Thomomys_umbrinus_atroavarius" spec="beast.evolution.alignment.Taxon"/>
#                        </taxon>
#                        <taxon id="monticola" spec="beast.evolution.alignment.TaxonSet">
#                            <taxon id="Thomomys_monticola_a" spec="beast.evolution.alignment.Taxon"/>
#                            <taxon id="Thomomys_monticola_b" spec="beast.evolution.alignment.Taxon"/>
#                        </taxon>
#                        <taxon id="bottae" spec="beast.evolution.alignment.TaxonSet">
#                            <taxon id="Thomomys_bottae_xerophilus" spec="beast.evolution.alignment.Taxon"/>
#                            <taxon id="Thomomys_bottae_ruidosae" spec="beast.evolution.alignment.Taxon"/>
#                            <taxon id="Thomomys_bottae_bottae" spec="beast.evolution.alignment.Taxon"/>
#                            <taxon id="Thomomys_bottae_cactophilus" spec="beast.evolution.alignment.Taxon"/>
#                            <taxon id="Thomomys_bottae_laticeps" spec="beast.evolution.alignment.Taxon"/>
#                            <taxon id="Thomomys_bottae_alpinus" spec="beast.evolution.alignment.Taxon"/>
#                            <taxon id="Thomomys_bottae_saxatilis" spec="beast.evolution.alignment.Taxon"/>
#                            <taxon id="Thomomys_bottae_awahnee_b" spec="beast.evolution.alignment.Taxon"/>
#                            <taxon id="Thomomys_bottae_awahnee_a" spec="beast.evolution.alignment.Taxon"/>
#                            <taxon id="Thomomys_bottae_albatus" spec="beast.evolution.alignment.Taxon"/>
#                            <taxon id="Thomomys_bottae_riparius" spec="beast.evolution.alignment.Taxon"/>
#                            <taxon id="Thomomys_bottae_mewa" spec="beast.evolution.alignment.Taxon"/>
#                        </taxon>
#                        <taxon id="heterodus" spec="beast.evolution.alignment.TaxonSet">
#                            <taxon id="Orthogeomys_heterodus" spec="beast.evolution.alignment.Taxon"/>
#                        </taxon>
#                        <taxon id="mazama" spec="beast.evolution.alignment.TaxonSet">
#                            <taxon id="Thomomys_mazama_mazama" spec="beast.evolution.alignment.Taxon"/>
#                            <taxon id="Thomomys_mazama_nasicus" spec="beast.evolution.alignment.Taxon"/>
#                        </taxon>
#                    </taxonset>
#                </speciesTree>
#            </populationModel>
#            <taxonset idref="taxonsuperset"/>
#            <tree idref="Tree.t:Species"/>
#        </distribution>
#        <distribution id="treePrior.t:26" populationModel="@speciesTreePopulationModel" spec="starbeast3.GeneTreeForSpeciesTreeDistribution" speciesTree="@Tree.t:Species" speciesTreePrior="@SpeciesTreePopSize.Species">
#            <tree id="Tree.t:26" spec="beast.evolution.tree.Tree">
#                <taxonset id="TaxonSet.26" spec="beast.evolution.alignment.TaxonSet">
#                </taxonset>
#            </tree>
#        </distribution>
#        <distribution id="treePrior.t:29" populationModel="@speciesTreePopulationModel" spec="starbeast3.GeneTreeForSpeciesTreeDistribution" speciesTree="@Tree.t:Species" speciesTreePrior="@SpeciesTreePopSize.Species">
#            <tree id="Tree.t:29" spec="beast.evolution.tree.Tree">
#                <taxonset id="TaxonSet.29" spec="beast.evolution.alignment.TaxonSet">
#                </taxonset>
#            </tree>
#        </distribution>
#        <distribution id="treePrior.t:47" populationModel="@speciesTreePopulationModel" spec="starbeast3.GeneTreeForSpeciesTreeDistribution" speciesTree="@Tree.t:Species" speciesTreePrior="@SpeciesTreePopSize.Species">
#            <tree id="Tree.t:47" spec="beast.evolution.tree.Tree">
#                <taxonset id="TaxonSet.47" spec="beast.evolution.alignment.TaxonSet">
#                </taxonset>
#            </tree>
#        </distribution>
#    </distribution>
#    <distribution id="prior" spec="beast.core.util.CompoundDistribution">
#        <distribution id="YuleModel.t:Species" spec="beast.evolution.speciation.YuleModel" tree="@Tree.t:Species">
#            <parameter id="birthRate.t:Species" lower="0.0" name="birthDiffRate" spec="beast.core.parameter.RealParameter">1.0</parameter>
#        </distribution>
#        <prior id="YuleBirthRatePrior.t:Species" name="distribution" x="@birthRate.t:Species">
#            <LogNormal id="LogNormalDistributionModel.0" name="distr">
#                <parameter estimate="false" id="RealParameter.0" name="M" spec="beast.core.parameter.RealParameter">0.7</parameter>
#                <parameter estimate="false" id="RealParameter.01" lower="0.0" name="S" spec="beast.core.parameter.RealParameter" upper="5.0">0.2</parameter>
#            </LogNormal>
#        </prior>
#        <prior id="KappaPrior.s:26" name="distribution">
#            <parameter id="kappa.s:26" lower="0.0" name="x" spec="beast.core.parameter.RealParameter">2.0</parameter>
#            <LogNormal id="LogNormalDistributionModel.01" name="distr">
#                <parameter estimate="false" id="RealParameter.04" name="M" spec="beast.core.parameter.RealParameter">1.0</parameter>
#                <parameter estimate="false" id="RealParameter.05" name="S" spec="beast.core.parameter.RealParameter">1.25</parameter>
#            </LogNormal>
#        </prior>
#        <prior id="KappaPrior.s:29" name="distribution">
#            <parameter id="kappa.s:29" lower="0.0" name="x" spec="beast.core.parameter.RealParameter">2.0</parameter>
#            <LogNormal id="LogNormalDistributionModel.011" name="distr">
#                <parameter estimate="false" id="RealParameter.06" name="M" spec="beast.core.parameter.RealParameter">1.0</parameter>
#                <parameter estimate="false" id="RealParameter.07" name="S" spec="beast.core.parameter.RealParameter">1.25</parameter>
#            </LogNormal>
#        </prior>
#        <prior id="KappaPrior.s:47" name="distribution">
#            <parameter id="kappa.s:47" lower="0.0" name="x" spec="beast.core.parameter.RealParameter">2.0</parameter>
#            <LogNormal id="LogNormalDistributionModel.02" name="distr">
#                <parameter estimate="false" id="RealParameter.08" name="M" spec="beast.core.parameter.RealParameter">1.0</parameter>
#                <parameter estimate="false" id="RealParameter.09" name="S" spec="beast.core.parameter.RealParameter">1.25</parameter>
#            </LogNormal>
#        </prior>
#        <prior id="branchRatesStdevPrior.Species" name="distribution">
#            <parameter id="branchRatesStdev.Species" name="x" spec="beast.core.parameter.RealParameter" upper="2.0">0.3</parameter>
#            <Gamma id="Gamma" name="distr">
#                <parameter estimate="false" id="branchRatesStdevPriorAlpha.Species" name="alpha" spec="beast.core.parameter.RealParameter">0.5396</parameter>
#                <parameter estimate="false" id="branchRatesStdevPriorBeta.Species" name="beta" spec="beast.core.parameter.RealParameter">0.3819</parameter>
#            </Gamma>
#        </prior>
#        <prior id="molecularClockRatePrior.c:26" name="distribution">
#            <parameter id="molecularClockRate.c:26" lower="0.0" name="x" spec="beast.core.parameter.RealParameter">1.0</parameter>
#            <LogNormal id="LogNormalDistributionModel.2" meanInRealSpace="true" name="distr">
#                <parameter estimate="false" id="molecularClockRatePriorMean.s:26" lower="0.0" name="M" spec="beast.core.parameter.RealParameter">1.0</parameter>
#                <parameter estimate="false" id="molecularClockRatePriorStdev.s:26" lower="0.0" name="S" spec="beast.core.parameter.RealParameter">1.0</parameter>
#            </LogNormal>
#        </prior>
#        <prior id="molecularClockRatePrior.c:29" name="distribution">
#            <parameter id="molecularClockRate.c:29" lower="0.0" name="x" spec="beast.core.parameter.RealParameter">1.0</parameter>
#            <LogNormal id="LogNormalDistributionModel.4" meanInRealSpace="true" name="distr">
#                <parameter estimate="false" id="molecularClockRatePriorMean.s:29" lower="0.0" name="M" spec="beast.core.parameter.RealParameter">1.0</parameter>
#                <parameter estimate="false" id="molecularClockRatePriorStdev.s:29" lower="0.0" name="S" spec="beast.core.parameter.RealParameter">1.0</parameter>
#            </LogNormal>
#        </prior>
#        <prior id="molecularClockRatePrior.c:47" name="distribution">
#            <parameter id="molecularClockRate.c:47" lower="0.0" name="x" spec="beast.core.parameter.RealParameter">1.0</parameter>
#            <LogNormal id="LogNormalDistributionModel.6" meanInRealSpace="true" name="distr">
#                <parameter estimate="false" id="molecularClockRatePriorMean.s:47" lower="0.0" name="M" spec="beast.core.parameter.RealParameter">1.0</parameter>
#                <parameter estimate="false" id="molecularClockRatePriorStdev.s:47" lower="0.0" name="S" spec="beast.core.parameter.RealParameter">1.0</parameter>
#            </LogNormal>
#        </prior>
#        <prior id="popMean.prior" name="distribution" x="@popMean">
#            <LogNormal id="LogNormalDistributionModel.03" name="distr">
#                <parameter estimate="false" id="RealParameter.010" name="M" spec="beast.core.parameter.RealParameter">-5.0</parameter>
#                <parameter estimate="false" id="RealParameter.011" lower="0.0" name="S" spec="beast.core.parameter.RealParameter" upper="5.0">1.25</parameter>
#            </LogNormal>
#        </prior>
#        <prior id="constPopSizesPrior.Species" name="distribution" x="@popSize">
#            <InverseGamma beta="@popMean" id="popPriorDistr" name="distr">
#                <parameter id="RealParameter" lower="0.0" name="alpha" spec="beast.core.parameter.RealParameter" upper="0.0">2.0</parameter>
#            </InverseGamma>
#        </prior>
#    </distribution>
#    <distribution id="likelihood" spec="beast.core.util.CompoundDistribution" useThreads="true">
#        <distribution data="@26" id="treeLikelihood.26" spec="beast.evolution.likelihood.TreeLikelihood" tree="@Tree.t:26">
#            <siteModel id="SiteModel.s:26" spec="beast.evolution.sitemodel.SiteModel">
#                <parameter estimate="false" id="mutationRate.s:26" name="mutationRate" spec="beast.core.parameter.RealParameter">1.0</parameter>
#                <parameter estimate="false" id="gammaShape.s:26" name="shape" spec="beast.core.parameter.RealParameter">1.0</parameter>
#                <parameter estimate="false" id="proportionInvariant.s:26" lower="0.0" name="proportionInvariant" spec="beast.core.parameter.RealParameter" upper="1.0">0.0</parameter>
#                <substModel id="hky.s:26" kappa="@kappa.s:26" spec="beast.evolution.substitutionmodel.HKY">
#                    <frequencies data="@26" id="empiricalFreqs.s:26" spec="beast.evolution.substitutionmodel.Frequencies"/>
#                </substModel>
#            </siteModel>
#            <branchRateModel clock.rate="@molecularClockRate.c:26" geneTree="@treePrior.t:26" id="SpeciesTreeRelaxedClock.c:26" spec="starbeast3.StarBeast3Clock">
#                <speciesTreeRates estimateRoot="true" id="clockModel.Species" spec="starbeast3.evolution.branchratemodel.UCRelaxedClockModelSB3" tree="@Tree.t:Species">
#                    <parameter dimension="15" id="quantileRates.Species" name="rateQuantiles" spec="beast.core.parameter.RealParameter">0.5</parameter>
#                    <distr id="ApproxLogNormal.c:anolis" spec="beast.math.distributions.PiecewiseLinearDistribution">
#                        <LogNormal S="@branchRatesStdev.Species" id="LogNormalDistributionModel.quantiles" meanInRealSpace="true" name="distr">
#                            <parameter estimate="false" id="RealParameter.3" lower="0.0" name="M" spec="beast.core.parameter.RealParameter" upper="1.0">1.0</parameter>
#                        </LogNormal>
#                    </distr>
#                </speciesTreeRates>
#            </branchRateModel>
#        </distribution>
#        <distribution data="@29" id="treeLikelihood.29" spec="beast.evolution.likelihood.TreeLikelihood" tree="@Tree.t:29">
#            <siteModel id="SiteModel.s:29" spec="beast.evolution.sitemodel.SiteModel">
#                <parameter estimate="false" id="mutationRate.s:29" name="mutationRate" spec="beast.core.parameter.RealParameter">1.0</parameter>
#                <parameter estimate="false" id="gammaShape.s:29" name="shape" spec="beast.core.parameter.RealParameter">1.0</parameter>
#                <parameter estimate="false" id="proportionInvariant.s:29" lower="0.0" name="proportionInvariant" spec="beast.core.parameter.RealParameter" upper="1.0">0.0</parameter>
#                <substModel id="hky.s:29" kappa="@kappa.s:29" spec="beast.evolution.substitutionmodel.HKY">
#                    <frequencies data="@29" id="empiricalFreqs.s:29" spec="beast.evolution.substitutionmodel.Frequencies"/>
#                </substModel>
#            </siteModel>
#            <branchRateModel clock.rate="@molecularClockRate.c:29" geneTree="@treePrior.t:29" id="SpeciesTreeRelaxedClock.c:29" spec="starbeast3.StarBeast3Clock" speciesTreeRates="@clockModel.Species"/>
#        </distribution>
#        <distribution data="@47" id="treeLikelihood.47" spec="beast.evolution.likelihood.TreeLikelihood" tree="@Tree.t:47">
#            <siteModel id="SiteModel.s:47" spec="beast.evolution.sitemodel.SiteModel">
#                <parameter estimate="false" id="mutationRate.s:47" name="mutationRate" spec="beast.core.parameter.RealParameter">1.0</parameter>
#                <parameter estimate="false" id="gammaShape.s:47" name="shape" spec="beast.core.parameter.RealParameter">1.0</parameter>
#                <parameter estimate="false" id="proportionInvariant.s:47" lower="0.0" name="proportionInvariant" spec="beast.core.parameter.RealParameter" upper="1.0">0.0</parameter>
#                <substModel id="hky.s:47" kappa="@kappa.s:47" spec="beast.evolution.substitutionmodel.HKY">
#                    <frequencies data="@47" id="empiricalFreqs.s:47" spec="beast.evolution.substitutionmodel.Frequencies"/>
#                </substModel>
#            </siteModel>
#            <branchRateModel clock.rate="@molecularClockRate.c:47" geneTree="@treePrior.t:47" id="SpeciesTreeRelaxedClock.c:47" spec="starbeast3.StarBeast3Clock" speciesTreeRates="@clockModel.Species"/>
#        </distribution>
#    </distribution>
#</input>
#
Sample	posterior	likelihood	prior	speciescoalescent	birthRate.t:Species	YuleModel.t:Species	TreeHeight.Species	BranchLength.Species.1	BranchLength.Species.2	BranchLength.Species.3	BranchLength.Species.4	BranchLength.Species.5	BranchLength.Species.6	BranchLength.Species.7	BranchLength.Species.8	BranchLength.Species.9	BranchLength.Species.10	BranchLength.Species.11	BranchLength.Species.12	BranchLength.Species.13	BranchLength.Species.14	BranchLength.Species.15	treeLikelihood.26	treeLikelihood.29	treeLikelihood.47	kappa.s:26	kappa.s:29	kappa.s:47	popSize.0	popSize.1	popSize.2	popSize.3	popSize.4	popSize.5	popSize.6	popSize.7	popSize.8	popSize.9	popSize.10	popSize.11	popSize.12	popSize.13	popSize.14	popMean	branchRatesStdev.Species	quantileRates.Species.0	quantileRates.Species.1	quantileRates.Species.2	quantileRates.Species.3	quantileRates.Species.4	quantileRates.Species.5	quantileRates.Species.6	quantileRates.Species.7	quantileRates.Species.8	quantileRates.Species.9	quantileRates.Species.10	quantileRates.Species.11	quantileRates.Species.12	quantileRates.Species.13	quantileRates.Species.14	molecularClockRate.c:26	molecularClockRate.c:29	molecularClockRate.c:47
0	-4169.148435113166	-4382.4279608301495	-118.58218292261915	331.8617086396026	97.51458341018464	25.678107137962236	0.01761641267164277	5.673701707257423E-4	0.003939434550717425	0.003939434550717425	1.3881196163234366E-4	0.004865003425004629	1.3881196163234366E-4	0.01761641267164277	0.00788164816308839	4.285582090933987E-4	0.012253197988189734	9.255688742872041E-4	0.0030166447380837605	0.004938919995827086	0.004795844512727295	0.0	-1329.7034167460968	-1259.2669538782955	-1793.4575902057572	2.0	2.0	2.0	0.004674690126669254	0.004674690126669254	0.004674690126669254	0.004674690126669254	0.004674690126669254	0.004674690126669254	0.004674690126669254	0.004674690126669254	0.004674690126669254	0.004674690126669254	0.004674690126669254	0.004674690126669254	0.004674690126669254	0.004674690126669254	0.004674690126669254	0.002337345063334627	0.3	0.8221778028018724	0.4487794728381759	0.8363867969984548	0.007427022223343571	0.3062432455179379	0.009617569172395313	0.7537265988151906	0.2335301192831939	0.17322943795585444	0.5316589781198346	0.6010435295625987	0.4206896576374207	0.9670317888109493	0.8315372682643624	0.7490911594142435	1.0	1.0	1.0
1000	-4107.917604366042	-4338.385748000361	-56.35263770865749	286.8207813429765	44.86603292331269	22.65250315668845	0.02295795967844854	8.156346523781963E-4	0.00729624132105569	0.003290213683219675	1.5788430298391395E-4	0.003290213683219675	1.5788430298391395E-4	0.017341457177295426	0.013741044538307403	6.577503493942823E-4	0.022142325026070345	0.006444803217251713	0.0040060276378360155	0.003600412638988023	0.0056165025011531144	0.0	-1290.635555012852	-1259.0312430251256	-1788.7189499623835	2.440272969643098	2.2007606439942	3.1357876039195833	0.007352171421168328	0.0066403782656071905	0.007645277979994003	0.007645277979994003	0.007533607476626878	0.006467886117948822	0.007645277979994003	0.007645277979994003	0.007710686031371632	0.007645277979994003	0.006550235131138835	0.007645277979994003	0.007645277979994003	0.007645277979994003	0.007645277979994003	0.004384396881798522	0.3930928105140522	0.3760928893699957	0.5330468043925951	0.7842625862800128	0.03541967634551866	0.46310611550394976	0.023949247093356534	0.8553666928546215	0.465887468843279	0.9361971318571338	0.5316589781198346	0.029143030445831386	0.44196761907219434	0.7439841642221404	0.39668176447838455	0.6054647393530175	0.617584597368738	0.6114480256835503	0.9875654934229597
2000	-4052.8708414069356	-4330.561038056513	-8.752782168910997	286.4429788184883	26.130775517366494	19.118555626099496	0.03380543245623865	6.686399554538702E-4	0.009066079759240049	0.009066079759240049	5.194431277427715E-5	0.00955034533610258	5.194431277427715E-5	0.03380543245623865	0.022216786229529065	0.032651589795519576	6.16695642679593E-4	4.8426557686253105E-4	0.012666440893426485	0.011103443521444378	4.852027052652044E-4	0.0	-1292.3945980097396	-1260.688627042651	-1777.4778130041223	2.855541901014999	2.3725673827095086	3.736779024883856	0.001418625609580269	0.008981371646028039	0.0012493519015619368	0.008720223387633199	0.0033304780489825025	9.039197407247839E-4	0.010394875611445323	0.0034206279779814774	0.009451574303065344	0.006909109815226778	0.0013083742428135264	0.003062094078969615	0.0032943479088531178	0.006212815749675111	0.02052156758606212	0.006675074902966806	0.4973613487552087	0.21462609033860958	0.7204720399263844	0.7679245403159893	0.9731587601002383	0.3451022242880917	0.5797832405548533	0.8737935824641555	0.5592795261792163	0.726374065034604	0.44901257162271224	0.03548431091460951	0.532097242828542	0.9494158442453081	0.47327910328805123	0.6054647393530175	0.3715875114471226	0.3106573524947104	0.5800471888434109
