#
#model:
#
#<?xml version="1.0" encoding="UTF-8" standalone="no"?><input id="posterior" spec="beast.core.util.CompoundDistribution">
#    <distribution id="speciescoalescent" spec="beast.core.util.CompoundDistribution">
#        <distribution id="SpeciesTreePopSize.Species" spec="starbeast3.SpeciesTreePrior">
#            <parameter dimension="15" id="popSize" name="bottomPopSize" spec="beast.core.parameter.RealParameter">100.0</parameter>
#            <parameter id="popMean" name="gammaParameter" spec="beast.core.parameter.RealParameter">1.0</parameter>
#            <populationModel id="speciesTreePopulationModel" populationSizes="@popSize" spec="starbeast3.evolution.speciation.ConstantPopulations">
#                <speciesTree id="Tree.t:Species" spec="starbeast3.SpeciesTree">
#                    <taxonset id="taxonsuperset" spec="beast.evolution.alignment.TaxonSet">
#                        <taxon id="townsendii" spec="beast.evolution.alignment.TaxonSet">
#                            <taxon id="Thomomys_townsendii_townsendii" spec="beast.evolution.alignment.Taxon"/>
#                            <taxon id="Thomomys_townsendii_relictus" spec="beast.evolution.alignment.Taxon"/>
#                        </taxon>
#                        <taxon id="talpoides" spec="beast.evolution.alignment.TaxonSet">
#                            <taxon id="Thomomys_talpoides_ocius" spec="beast.evolution.alignment.Taxon"/>
#                            <taxon id="Thomomys_talpoides_yakimensis" spec="beast.evolution.alignment.Taxon"/>
#                            <taxon id="Thomomys_talpoides_bridgeri" spec="beast.evolution.alignment.Taxon"/>
#                        </taxon>
#                        <taxon id="idahoensis" spec="beast.evolution.alignment.TaxonSet">
#                            <taxon id="Thomomys_idahoensis_pygmaeus_a" spec="beast.evolution.alignment.Taxon"/>
#                            <taxon id="Thomomys_idahoensis_pygmaeus_b" spec="beast.evolution.alignment.Taxon"/>
#                        </taxon>
#                        <taxon id="umbrinus" spec="beast.evolution.alignment.TaxonSet">
#                            <taxon id="Thomomys_umbrinus_chihuahuae" spec="beast.evolution.alignment.Taxon"/>
#                            <taxon id="Thomomys_umbrinus_atroavarius" spec="beast.evolution.alignment.Taxon"/>
#                        </taxon>
#                        <taxon id="monticola" spec="beast.evolution.alignment.TaxonSet">
#                            <taxon id="Thomomys_monticola_a" spec="beast.evolution.alignment.Taxon"/>
#                            <taxon id="Thomomys_monticola_b" spec="beast.evolution.alignment.Taxon"/>
#                        </taxon>
#                        <taxon id="bottae" spec="beast.evolution.alignment.TaxonSet">
#                            <taxon id="Thomomys_bottae_xerophilus" spec="beast.evolution.alignment.Taxon"/>
#                            <taxon id="Thomomys_bottae_ruidosae" spec="beast.evolution.alignment.Taxon"/>
#                            <taxon id="Thomomys_bottae_bottae" spec="beast.evolution.alignment.Taxon"/>
#                            <taxon id="Thomomys_bottae_cactophilus" spec="beast.evolution.alignment.Taxon"/>
#                            <taxon id="Thomomys_bottae_laticeps" spec="beast.evolution.alignment.Taxon"/>
#                            <taxon id="Thomomys_bottae_alpinus" spec="beast.evolution.alignment.Taxon"/>
#                            <taxon id="Thomomys_bottae_saxatilis" spec="beast.evolution.alignment.Taxon"/>
#                            <taxon id="Thomomys_bottae_awahnee_b" spec="beast.evolution.alignment.Taxon"/>
#                            <taxon id="Thomomys_bottae_awahnee_a" spec="beast.evolution.alignment.Taxon"/>
#                            <taxon id="Thomomys_bottae_albatus" spec="beast.evolution.alignment.Taxon"/>
#                            <taxon id="Thomomys_bottae_riparius" spec="beast.evolution.alignment.Taxon"/>
#                            <taxon id="Thomomys_bottae_mewa" spec="beast.evolution.alignment.Taxon"/>
#                        </taxon>
#                        <taxon id="heterodus" spec="beast.evolution.alignment.TaxonSet">
#                            <taxon id="Orthogeomys_heterodus" spec="beast.evolution.alignment.Taxon"/>
#                        </taxon>
#                        <taxon id="mazama" spec="beast.evolution.alignment.TaxonSet">
#                            <taxon id="Thomomys_mazama_mazama" spec="beast.evolution.alignment.Taxon"/>
#                            <taxon id="Thomomys_mazama_nasicus" spec="beast.evolution.alignment.Taxon"/>
#                        </taxon>
#                    </taxonset>
#                </speciesTree>
#            </populationModel>
#            <taxonset idref="taxonsuperset"/>
#            <tree idref="Tree.t:Species"/>
#        </distribution>
#        <distribution id="treePrior.t:26" populationModel="@speciesTreePopulationModel" spec="starbeast3.GeneTreeForSpeciesTreeDistribution" speciesTree="@Tree.t:Species" speciesTreePrior="@SpeciesTreePopSize.Species">
#            <tree id="Tree.t:26" spec="beast.evolution.tree.Tree">
#                <taxonset id="TaxonSet.26" spec="beast.evolution.alignment.TaxonSet">
#                </taxonset>
#            </tree>
#        </distribution>
#        <distribution id="treePrior.t:29" populationModel="@speciesTreePopulationModel" spec="starbeast3.GeneTreeForSpeciesTreeDistribution" speciesTree="@Tree.t:Species" speciesTreePrior="@SpeciesTreePopSize.Species">
#            <tree id="Tree.t:29" spec="beast.evolution.tree.Tree">
#                <taxonset id="TaxonSet.29" spec="beast.evolution.alignment.TaxonSet">
#                </taxonset>
#            </tree>
#        </distribution>
#        <distribution id="treePrior.t:47" populationModel="@speciesTreePopulationModel" spec="starbeast3.GeneTreeForSpeciesTreeDistribution" speciesTree="@Tree.t:Species" speciesTreePrior="@SpeciesTreePopSize.Species">
#            <tree id="Tree.t:47" spec="beast.evolution.tree.Tree">
#                <taxonset id="TaxonSet.47" spec="beast.evolution.alignment.TaxonSet">
#                </taxonset>
#            </tree>
#        </distribution>
#    </distribution>
#    <distribution id="prior" spec="beast.core.util.CompoundDistribution">
#        <distribution id="YuleModel.t:Species" spec="beast.evolution.speciation.YuleModel" tree="@Tree.t:Species">
#            <parameter id="birthRate.t:Species" lower="0.0" name="birthDiffRate" spec="beast.core.parameter.RealParameter">1.0</parameter>
#        </distribution>
#        <prior id="YuleBirthRatePrior.t:Species" name="distribution" x="@birthRate.t:Species">
#            <LogNormal id="LogNormalDistributionModel.0" name="distr">
#                <parameter estimate="false" id="RealParameter.0" name="M" spec="beast.core.parameter.RealParameter">0.7</parameter>
#                <parameter estimate="false" id="RealParameter.01" lower="0.0" name="S" spec="beast.core.parameter.RealParameter" upper="5.0">0.2</parameter>
#            </LogNormal>
#        </prior>
#        <prior id="KappaPrior.s:26" name="distribution">
#            <parameter id="kappa.s:26" lower="0.0" name="x" spec="beast.core.parameter.RealParameter">2.0</parameter>
#            <LogNormal id="LogNormalDistributionModel.01" name="distr">
#                <parameter estimate="false" id="RealParameter.04" name="M" spec="beast.core.parameter.RealParameter">1.0</parameter>
#                <parameter estimate="false" id="RealParameter.05" name="S" spec="beast.core.parameter.RealParameter">1.25</parameter>
#            </LogNormal>
#        </prior>
#        <prior id="KappaPrior.s:29" name="distribution">
#            <parameter id="kappa.s:29" lower="0.0" name="x" spec="beast.core.parameter.RealParameter">2.0</parameter>
#            <LogNormal id="LogNormalDistributionModel.011" name="distr">
#                <parameter estimate="false" id="RealParameter.06" name="M" spec="beast.core.parameter.RealParameter">1.0</parameter>
#                <parameter estimate="false" id="RealParameter.07" name="S" spec="beast.core.parameter.RealParameter">1.25</parameter>
#            </LogNormal>
#        </prior>
#        <prior id="KappaPrior.s:47" name="distribution">
#            <parameter id="kappa.s:47" lower="0.0" name="x" spec="beast.core.parameter.RealParameter">2.0</parameter>
#            <LogNormal id="LogNormalDistributionModel.02" name="distr">
#                <parameter estimate="false" id="RealParameter.08" name="M" spec="beast.core.parameter.RealParameter">1.0</parameter>
#                <parameter estimate="false" id="RealParameter.09" name="S" spec="beast.core.parameter.RealParameter">1.25</parameter>
#            </LogNormal>
#        </prior>
#        <prior id="branchRates.Species.Distribution" name="distribution">
#            <parameter dimension="15" id="branchRates.Species" lower="0.0" name="x" spec="beast.core.parameter.RealParameter">1.0</parameter>
#            <LogNormal id="LogNormalDistributionModel.045" meanInRealSpace="true" name="distr">
#                <parameter id="RealParameter" lower="0.0" name="M" spec="beast.core.parameter.RealParameter" upper="0.0">1.0</parameter>
#                <parameter id="branchRatesStdev.Species" name="S" spec="beast.core.parameter.RealParameter" upper="2.0">0.3</parameter>
#            </LogNormal>
#        </prior>
#        <prior id="branchRatesStdevPrior.Species" name="distribution" x="@branchRatesStdev.Species">
#            <Gamma id="Gamma" name="distr">
#                <parameter estimate="false" id="branchRatesStdevPriorAlpha.Species" name="alpha" spec="beast.core.parameter.RealParameter">0.5396</parameter>
#                <parameter estimate="false" id="branchRatesStdevPriorBeta.Species" name="beta" spec="beast.core.parameter.RealParameter">0.3819</parameter>
#            </Gamma>
#        </prior>
#        <prior id="molecularClockRatePrior.c:26" name="distribution">
#            <parameter id="molecularClockRate.c:26" lower="0.0" name="x" spec="beast.core.parameter.RealParameter">1.0</parameter>
#            <LogNormal id="LogNormalDistributionModel.2" meanInRealSpace="true" name="distr">
#                <parameter estimate="false" id="molecularClockRatePriorMean.s:26" lower="0.0" name="M" spec="beast.core.parameter.RealParameter">1.0</parameter>
#                <parameter estimate="false" id="molecularClockRatePriorStdev.s:26" lower="0.0" name="S" spec="beast.core.parameter.RealParameter">1.0</parameter>
#            </LogNormal>
#        </prior>
#        <prior id="molecularClockRatePrior.c:29" name="distribution">
#            <parameter id="molecularClockRate.c:29" lower="0.0" name="x" spec="beast.core.parameter.RealParameter">1.0</parameter>
#            <LogNormal id="LogNormalDistributionModel.4" meanInRealSpace="true" name="distr">
#                <parameter estimate="false" id="molecularClockRatePriorMean.s:29" lower="0.0" name="M" spec="beast.core.parameter.RealParameter">1.0</parameter>
#                <parameter estimate="false" id="molecularClockRatePriorStdev.s:29" lower="0.0" name="S" spec="beast.core.parameter.RealParameter">1.0</parameter>
#            </LogNormal>
#        </prior>
#        <prior id="molecularClockRatePrior.c:47" name="distribution">
#            <parameter id="molecularClockRate.c:47" lower="0.0" name="x" spec="beast.core.parameter.RealParameter">1.0</parameter>
#            <LogNormal id="LogNormalDistributionModel.6" meanInRealSpace="true" name="distr">
#                <parameter estimate="false" id="molecularClockRatePriorMean.s:47" lower="0.0" name="M" spec="beast.core.parameter.RealParameter">1.0</parameter>
#                <parameter estimate="false" id="molecularClockRatePriorStdev.s:47" lower="0.0" name="S" spec="beast.core.parameter.RealParameter">1.0</parameter>
#            </LogNormal>
#        </prior>
#        <prior id="popMean.prior" name="distribution" x="@popMean">
#            <LogNormal id="LogNormalDistributionModel.03" name="distr">
#                <parameter estimate="false" id="RealParameter.010" name="M" spec="beast.core.parameter.RealParameter">-5.0</parameter>
#                <parameter estimate="false" id="RealParameter.011" lower="0.0" name="S" spec="beast.core.parameter.RealParameter" upper="5.0">1.25</parameter>
#            </LogNormal>
#        </prior>
#        <prior id="constPopSizesPrior.Species" name="distribution" x="@popSize">
#            <InverseGamma beta="@popMean" id="popPriorDistr" name="distr">
#                <parameter id="RealParameter1" lower="0.0" name="alpha" spec="beast.core.parameter.RealParameter" upper="0.0">2.0</parameter>
#            </InverseGamma>
#        </prior>
#    </distribution>
#    <distribution id="likelihood" spec="beast.core.util.CompoundDistribution" useThreads="true">
#        <distribution data="@26" id="treeLikelihood.26" spec="beast.evolution.likelihood.TreeLikelihood" tree="@Tree.t:26">
#            <siteModel id="SiteModel.s:26" spec="beast.evolution.sitemodel.SiteModel">
#                <parameter estimate="false" id="mutationRate.s:26" name="mutationRate" spec="beast.core.parameter.RealParameter">1.0</parameter>
#                <parameter estimate="false" id="gammaShape.s:26" name="shape" spec="beast.core.parameter.RealParameter">1.0</parameter>
#                <parameter estimate="false" id="proportionInvariant.s:26" lower="0.0" name="proportionInvariant" spec="beast.core.parameter.RealParameter" upper="1.0">0.0</parameter>
#                <substModel id="hky.s:26" kappa="@kappa.s:26" spec="beast.evolution.substitutionmodel.HKY">
#                    <frequencies data="@26" id="empiricalFreqs.s:26" spec="beast.evolution.substitutionmodel.Frequencies"/>
#                </substModel>
#            </siteModel>
#            <branchRateModel clock.rate="@molecularClockRate.c:26" geneTree="@treePrior.t:26" id="SpeciesTreeRelaxedClock.c:26" spec="starbeast3.StarBeast3Clock">
#                <speciesTreeRates estimateRoot="true" id="branchRatesModel.Species" realRates="@branchRates.Species" spec="starbeast3.evolution.branchratemodel.UCRelaxedClockModelSB3" stdev="@branchRatesStdev.Species" tree="@Tree.t:Species"/>
#            </branchRateModel>
#        </distribution>
#        <distribution data="@29" id="treeLikelihood.29" spec="beast.evolution.likelihood.TreeLikelihood" tree="@Tree.t:29">
#            <siteModel id="SiteModel.s:29" spec="beast.evolution.sitemodel.SiteModel">
#                <parameter estimate="false" id="mutationRate.s:29" name="mutationRate" spec="beast.core.parameter.RealParameter">1.0</parameter>
#                <parameter estimate="false" id="gammaShape.s:29" name="shape" spec="beast.core.parameter.RealParameter">1.0</parameter>
#                <parameter estimate="false" id="proportionInvariant.s:29" lower="0.0" name="proportionInvariant" spec="beast.core.parameter.RealParameter" upper="1.0">0.0</parameter>
#                <substModel id="hky.s:29" kappa="@kappa.s:29" spec="beast.evolution.substitutionmodel.HKY">
#                    <frequencies data="@29" id="empiricalFreqs.s:29" spec="beast.evolution.substitutionmodel.Frequencies"/>
#                </substModel>
#            </siteModel>
#            <branchRateModel clock.rate="@molecularClockRate.c:29" geneTree="@treePrior.t:29" id="SpeciesTreeRelaxedClock.c:29" spec="starbeast3.StarBeast3Clock" speciesTreeRates="@branchRatesModel.Species"/>
#        </distribution>
#        <distribution data="@47" id="treeLikelihood.47" spec="beast.evolution.likelihood.TreeLikelihood" tree="@Tree.t:47">
#            <siteModel id="SiteModel.s:47" spec="beast.evolution.sitemodel.SiteModel">
#                <parameter estimate="false" id="mutationRate.s:47" name="mutationRate" spec="beast.core.parameter.RealParameter">1.0</parameter>
#                <parameter estimate="false" id="gammaShape.s:47" name="shape" spec="beast.core.parameter.RealParameter">1.0</parameter>
#                <parameter estimate="false" id="proportionInvariant.s:47" lower="0.0" name="proportionInvariant" spec="beast.core.parameter.RealParameter" upper="1.0">0.0</parameter>
#                <substModel id="hky.s:47" kappa="@kappa.s:47" spec="beast.evolution.substitutionmodel.HKY">
#                    <frequencies data="@47" id="empiricalFreqs.s:47" spec="beast.evolution.substitutionmodel.Frequencies"/>
#                </substModel>
#            </siteModel>
#            <branchRateModel clock.rate="@molecularClockRate.c:47" geneTree="@treePrior.t:47" id="SpeciesTreeRelaxedClock.c:47" spec="starbeast3.StarBeast3Clock" speciesTreeRates="@branchRatesModel.Species"/>
#        </distribution>
#    </distribution>
#</input>
#
Sample	posterior	likelihood	prior	speciescoalescent	birthRate.t:Species	YuleModel.t:Species	TreeHeight.Species	TreeHeight.t:26	TreeHeight.t:29	TreeHeight.t:47	BranchLength.Species.1	BranchLength.Species.2	BranchLength.Species.3	BranchLength.Species.4	BranchLength.Species.5	BranchLength.Species.6	BranchLength.Species.7	BranchLength.Species.8	BranchLength.Species.9	BranchLength.Species.10	BranchLength.Species.11	BranchLength.Species.12	BranchLength.Species.13	BranchLength.Species.14	BranchLength.Species.15	BranchLength.t:26.1	BranchLength.t:26.2	BranchLength.t:26.3	BranchLength.t:26.4	BranchLength.t:26.5	BranchLength.t:26.6	BranchLength.t:26.7	BranchLength.t:26.8	BranchLength.t:26.9	BranchLength.t:26.10	BranchLength.t:26.11	BranchLength.t:26.12	BranchLength.t:26.13	BranchLength.t:26.14	BranchLength.t:26.15	BranchLength.t:26.16	BranchLength.t:26.17	BranchLength.t:26.18	BranchLength.t:26.19	BranchLength.t:26.20	BranchLength.t:26.21	BranchLength.t:26.22	BranchLength.t:26.23	BranchLength.t:26.24	BranchLength.t:26.25	BranchLength.t:26.26	BranchLength.t:26.27	BranchLength.t:26.28	BranchLength.t:26.29	BranchLength.t:26.30	BranchLength.t:26.31	BranchLength.t:26.32	BranchLength.t:26.33	BranchLength.t:26.34	BranchLength.t:26.35	BranchLength.t:26.36	BranchLength.t:26.37	BranchLength.t:26.38	BranchLength.t:26.39	BranchLength.t:26.40	BranchLength.t:26.41	BranchLength.t:26.42	BranchLength.t:26.43	BranchLength.t:26.44	BranchLength.t:26.45	BranchLength.t:26.46	BranchLength.t:26.47	BranchLength.t:26.48	BranchLength.t:26.49	BranchLength.t:26.50	BranchLength.t:26.51	BranchLength.t:29.1	BranchLength.t:29.2	BranchLength.t:29.3	BranchLength.t:29.4	BranchLength.t:29.5	BranchLength.t:29.6	BranchLength.t:29.7	BranchLength.t:29.8	BranchLength.t:29.9	BranchLength.t:29.10	BranchLength.t:29.11	BranchLength.t:29.12	BranchLength.t:29.13	BranchLength.t:29.14	BranchLength.t:29.15	BranchLength.t:29.16	BranchLength.t:29.17	BranchLength.t:29.18	BranchLength.t:29.19	BranchLength.t:29.20	BranchLength.t:29.21	BranchLength.t:29.22	BranchLength.t:29.23	BranchLength.t:29.24	BranchLength.t:29.25	BranchLength.t:29.26	BranchLength.t:29.27	BranchLength.t:29.28	BranchLength.t:29.29	BranchLength.t:29.30	BranchLength.t:29.31	BranchLength.t:29.32	BranchLength.t:29.33	BranchLength.t:29.34	BranchLength.t:29.35	BranchLength.t:29.36	BranchLength.t:29.37	BranchLength.t:29.38	BranchLength.t:29.39	BranchLength.t:29.40	BranchLength.t:29.41	BranchLength.t:29.42	BranchLength.t:29.43	BranchLength.t:29.44	BranchLength.t:29.45	BranchLength.t:29.46	BranchLength.t:29.47	BranchLength.t:29.48	BranchLength.t:29.49	BranchLength.t:29.50	BranchLength.t:29.51	BranchLength.t:47.1	BranchLength.t:47.2	BranchLength.t:47.3	BranchLength.t:47.4	BranchLength.t:47.5	BranchLength.t:47.6	BranchLength.t:47.7	BranchLength.t:47.8	BranchLength.t:47.9	BranchLength.t:47.10	BranchLength.t:47.11	BranchLength.t:47.12	BranchLength.t:47.13	BranchLength.t:47.14	BranchLength.t:47.15	BranchLength.t:47.16	BranchLength.t:47.17	BranchLength.t:47.18	BranchLength.t:47.19	BranchLength.t:47.20	BranchLength.t:47.21	BranchLength.t:47.22	BranchLength.t:47.23	BranchLength.t:47.24	BranchLength.t:47.25	BranchLength.t:47.26	BranchLength.t:47.27	BranchLength.t:47.28	BranchLength.t:47.29	BranchLength.t:47.30	BranchLength.t:47.31	BranchLength.t:47.32	BranchLength.t:47.33	BranchLength.t:47.34	BranchLength.t:47.35	BranchLength.t:47.36	BranchLength.t:47.37	BranchLength.t:47.38	BranchLength.t:47.39	BranchLength.t:47.40	BranchLength.t:47.41	BranchLength.t:47.42	BranchLength.t:47.43	BranchLength.t:47.44	BranchLength.t:47.45	BranchLength.t:47.46	BranchLength.t:47.47	BranchLength.t:47.48	BranchLength.t:47.49	BranchLength.t:47.50	BranchLength.t:47.51	treeLikelihood.26	treeLikelihood.29	treeLikelihood.47	treePrior.t:26	treePrior.t:29	treePrior.t:47	kappa.s:26	kappa.s:29	kappa.s:47	popSize.0	popSize.1	popSize.2	popSize.3	popSize.4	popSize.5	popSize.6	popSize.7	popSize.8	popSize.9	popSize.10	popSize.11	popSize.12	popSize.13	popSize.14	popMean	branchRatesStdev.Species	branchRates.Species.0	branchRates.Species.1	branchRates.Species.2	branchRates.Species.3	branchRates.Species.4	branchRates.Species.5	branchRates.Species.6	branchRates.Species.7	branchRates.Species.8	branchRates.Species.9	branchRates.Species.10	branchRates.Species.11	branchRates.Species.12	branchRates.Species.13	branchRates.Species.14	molecularClockRate.c:26	molecularClockRate.c:29	molecularClockRate.c:47
0	-59229.96824196374	-58585.58960761406	-240.30756137794978	-404.0710729717232	1.0	-8.589285714285714	1.7178571428571427	3.4357142857142855	3.4357142857142855	3.4357142857142855	0.2454081632653061	0.2454081632653061	0.4908163265306122	0.7362244897959183	0.9816326530612244	1.2270408163265305	1.4724489795918365	1.7178571428571427	0.2454081632653061	0.24540816326530607	0.24540816326530612	0.24540816326530612	0.245408163265306	0.24540816326530623	0.0	1.7865714285714285	1.7865714285714285	1.8552857142857142	1.924	1.9927142857142857	2.0614285714285714	2.130142857142857	2.198857142857143	2.2675714285714283	2.3362857142857143	2.375345293470127	2.4737142857142858	2.5424285714285713	2.611142857142857	2.6798571428571427	2.748571428571428	2.817285714285714	2.886	2.9547142857142856	3.023428571428571	3.092142857142857	3.160857142857143	3.2295714285714285	3.298285714285714	3.367	3.4357142857142855	0.06871428571428573	0.06871428571428573	0.06871428571428573	0.06871428571428573	0.0687142857142855	0.06871428571428595	0.0687142857142855	0.06871428571428595	0.03905957918441283	0.09836899224415863	0.0687142857142855	0.06871428571428595	0.0687142857142855	0.0687142857142855	0.06871428571428595	0.06871428571428595	0.0687142857142855	0.0687142857142855	0.06871428571428595	0.06871428571428595	0.0687142857142855	0.0687142857142855	0.06871428571428595	0.0687142857142855	0.0	1.7865714285714285	1.7865714285714285	1.8552857142857142	1.924	1.9927142857142857	2.0614285714285714	2.130142857142857	2.198857142857143	2.2675714285714283	2.3362857142857143	2.405	2.4737142857142858	2.5424285714285713	2.611142857142857	2.6798571428571427	2.748571428571428	2.817285714285714	2.886	2.9547142857142856	3.023428571428571	3.092142857142857	3.160857142857143	3.2295714285714285	3.298285714285714	3.367	3.4357142857142855	0.06871428571428573	0.06871428571428573	0.06871428571428573	0.06871428571428573	0.0687142857142855	0.06871428571428595	0.0687142857142855	0.06871428571428595	0.0687142857142855	0.06871428571428595	0.0687142857142855	0.06871428571428595	0.0687142857142855	0.0687142857142855	0.06871428571428595	0.06871428571428595	0.0687142857142855	0.0687142857142855	0.06871428571428595	0.06871428571428595	0.0687142857142855	0.0687142857142855	0.06871428571428595	0.0687142857142855	0.0	1.7865714285714285	1.7865714285714285	1.8552857142857142	1.924	1.9927142857142857	2.0614285714285714	2.130142857142857	2.198857142857143	2.2675714285714283	2.3362857142857143	2.405	2.4737142857142858	2.5424285714285713	2.611142857142857	2.6798571428571427	2.748571428571428	2.817285714285714	2.886	2.9547142857142856	3.023428571428571	3.092142857142857	3.160857142857143	3.2295714285714285	3.298285714285714	3.367	3.4357142857142855	0.06871428571428573	0.06871428571428573	0.06871428571428573	0.06871428571428573	0.0687142857142855	0.06871428571428595	0.0687142857142855	0.06871428571428595	0.0687142857142855	0.06871428571428595	0.0687142857142855	0.06871428571428595	0.0687142857142855	0.0687142857142855	0.06871428571428595	0.06871428571428595	0.0687142857142855	0.0687142857142855	0.06871428571428595	0.06871428571428595	0.0687142857142855	0.0687142857142855	0.06871428571428595	0.0687142857142855	0.0	-16780.809655183493	-20249.079844903023	-21555.700107527548	-134.6887760728928	-134.6911484494152	-134.6911484494152	2.0	2.0	2.0	100.0	100.0	100.0	100.0	100.0	100.0	100.0	100.0	100.0	100.0	100.0	100.0	100.0	100.0	100.0	1.0	0.3	1.6964468891066689	1.0511649932288307	1.2113815682716615	0.5994705408123269	0.7306606061895295	0.9273999901290979	1.0639488381368438	0.6283918146499909	0.7548014352290043	0.7833037328140174	1.0063697577888415	1.3282530163874693	0.8975214115498408	0.8390334357579077	1.0172488179149366	1.0	1.0	1.0
5000	-5140.724936703006	-4959.012305038926	-48.319648255144486	-133.39298340893598	2.139076361912444	-5.076554084334388	1.3488923710553327	2.8095629829435405	1.5700998590492317	1.8928654754227678	4.4160144555694005E-5	4.4160144555694005E-5	0.015172701713290814	0.9566224531319163	0.015172701713290814	0.17534967220550568	0.020789352291200693	0.9566224531319163	1.348848210910777	0.8204121428635126	0.3531305559863144	0.154560319914305	0.005616650577909879	0.03913936193710199	0.0	1.7493615316423266	0.6547548320335063	0.13547359283125304	0.15250599596341993	0.47462284691190965	0.7468009124369361	0.20047991280930752	0.5120337297162418	0.6547548320335063	0.13547359283125304	0.15250599596341993	0.20047991280930752	0.36467783868146303	1.0020757698500797	1.716184295891093	1.4704578108769535	1.5282969151841674	1.4649901022213403	1.4049983832605155	0.12116626937261588	0.12187932628493414	0.12116626937261588	1.4049983832605155	1.408894356582971	1.080730511662978	1.012561525918311	0.03741088280433219	0.33066604371883723	0.06816898574466701	0.16646282987924743	0.1280973130607892	0.049442571247890976	0.019112226811902944	0.2552748574131436	0.21565495590879136	0.10994500823044662	0.19134386400555725	0.07985847270862045	0.6687116659493337	0.22920424585021	0.00546770865561319	1.343110775936406	0.18788738070692546	0.08375444603107596	0.05783910430721395	1.0933786870524476	7.130569123182662E-4	1.060201451301214	0.2606087023507351	0.2787212736721021	0.0	1.5468208330239546	0.19600598351308068	0.2656555907959074	1.1130187121631667	0.32255138278621426	0.19600598351308068	0.3372799204233799	0.09415350743239045	0.6593495395722915	0.09415350743239045	0.18647997644736292	0.2656555907959074	0.9928195685872157	0.9928195685872157	1.3652166848472782	0.21634732839395127	0.21634732839395127	0.14109711147619938	0.14109711147619938	0.5179112251385796	1.3046035815203283	0.5179112251385796	0.5892091516424977	0.5892091516424977	1.2461578092604992	1.0487803204579274	0.11608214700166009	0.6596566447381267	0.3894307808856359	0.10699226670206924	0.07872300151917044	0.11865448728340144	0.01448460981393107	0.01472853763716564	0.09232646901497246	0.11790075775566256	0.064232068746503	0.06307395091538659	0.0041169965742909875	0.11853019726128977	1.4290027475730323	0.13607140633885134	0.016900335889298512	0.35635128935714155	0.06061310332694991	0.006378690135978582	0.7866923563817487	0.7748494153736641	1.3473738405193019	0.03734265941924253	0.0	1.1003917322642034	0.10149987642932817	0.10149987642932817	0.34319485383719556	0.22003765232706612	0.23109358263997423	0.3319691884989979	0.16186767860960727	0.035889598915861604	0.16186767860960727	1.375753074446404	0.035889598915861604	0.22003765232706612	0.9805782965180128	0.9805782965180128	1.457527726562509	1.3937044751568837	1.301352189336466	1.301352189336466	0.3746932152066776	1.3037553669330753	0.3746932152066776	1.4426167080818881	1.691413046392346	1.4974121260999638	1.375753074446404	0.10087560585902369	0.14145949574910618	0.16584575917222777	0.7571968784270078	0.011055930312908108	0.01548141605536052	0.3271296808027689	0.3541442682706226	0.02001259010042533	0.052139968774655765	0.01779654934872732	0.05454314637126512	0.9290621517263977	0.3931135885384456	0.03509817569673923	0.06083152537794234	0.4353377488602588	0.09666036873309913	0.19400092029238225	0.0029917260276830504	0.0668636336354842	1.0336843931711275	0.019697242321336406	0.20145242903042182	0.0	-1505.5267418961203	-1392.68576910058	-2060.7997940422256	-49.683441367204736	-38.506454355389195	-45.20308768634205	3.686202331611925	3.356087971491659	3.885515626196163	0.6105905104054015	0.6543231656067295	0.3003269267038528	3.34706187637415	0.38135928657807233	2.327464306906641	3.6168324630085325	0.3511540104383165	0.5905823321094953	2.095234700602646	1.1890528667277347	1.0567680560432788	0.35387816665381755	3.1848336799026233	0.2674431880027212	0.7041274860080006	1.4732503502672902	0.46516809741964416	0.13582023868393733	1.1118704784789155	0.03750882086104754	0.24774778005710094	0.03803877268705924	0.9368318955933282	0.1215856538237361	0.0481066123061133	0.10320691672044657	0.07444335426316677	0.28183195842393327	0.6588691317841479	0.1988824899102005	0.37175547695098843	0.05045262140062967	0.07009222599682975	0.15593642334799473
10000	-4506.930052292751	-4431.26124975039	-18.694150416568053	-56.9746521257925	3.070279034758396	-3.0373658512850046	0.6890917475048276	1.036954613549933	1.0110677538667119	1.1182436383302135	0.009293554875020591	0.009293554875020591	0.09349962581912742	0.48485035532778253	0.09349962581912742	0.5732211371003045	0.38095909726805166	0.6268185657020525	0.37166554239303107	0.088370781772522	0.06227318180277508	0.3913507295086551	0.11587061040452307	0.24585946843400086	0.0	0.7111655956900385	0.39685558387860015	0.012720527308003444	0.17238366012539602	0.22954079423260326	0.012720527308003444	0.18566726795851166	0.7111655956900385	0.39685558387860015	0.22954079423260326	0.17238366012539602	0.18566726795851166	0.5846094190185338	0.7484606587195098	0.31036951456323986	0.0038045977643415122	0.0038045977643415122	0.31036951456323986	0.9721145096449046	0.7484606587195098	0.2987413000849029	0.2987413000849029	0.7026237579327741	0.7086867782221284	0.5846094190185338	0.6698063362383498	0.19032987887446295	0.007258227176547227	0.015456679258115447	0.2590598810602827	0.013037159711975943	0.008257750003338726	0.37772393312919045	0.48353180481348684	0.24993566313128363	0.20477719247868223	0.029347550557582425	0.12407735920359464	0.02942621266987233	0.06734243174466226	0.6699877934574212	0.021483835150762354	0.4307653084031851	0.013321247465901576	0.2743359554327457	0.014157999397677479	0.3750510911368598	0.06484010390502837	0.24791175424289025	0.017360742436308807	0.0	0.6296801341320012	0.1973069207435685	0.1258968719800673	0.4516790343176822	0.18975526426141545	0.1258968719800673	0.4516790343176822	0.1806737814989617	0.04055899244007141	0.16089748608202198	0.18975526426141545	0.04055899244007141	0.5667770582235816	0.03275390198685025	0.03275390198685025	0.04973419512222584	0.04973419512222584	0.3902312334286345	0.3902312334286345	0.5423571296779913	0.6296801341320012	0.5423571296779913	0.11452620740285434	0.11452620740285434	0.3356017767651888	0.3356017767651888	0.006033383893766064	0.0166331392446068	0.17746884812832153	0.4276676562195515	0.0445705844568115	0.33242511206635567	0.029175127078420626	0.16574388616328473	0.12033849364195057	0.06758868065909107	0.10884161156677397	0.25031599341531696	0.09521644671419682	0.166658795943874	0.6077933248571012	0.05477690951889441	0.0383653304460988	0.2284107240132381	0.23446314758575548	0.13627305041979532	0.1763634933447379	0.5826758085071108	0.961333558744486	0.141059413466775	0.0	1.068898893672647	0.02416357009008998	0.1653108513927114	0.4874344530678057	0.03045836043395328	0.03045836043395328	0.02416357009008998	0.4874344530678057	0.0730424452884821	0.062140921737564386	0.062140921737564386	0.0730424452884821	0.16935988248574974	0.34643098576112386	0.34643098576112386	0.47821840712671004	0.47821840712671004	0.05898290811065638	0.05898290811065638	0.6284490929354303	0.630378416255668	0.6284490929354303	0.6926058259963304	0.8041152723075973	0.3455456689252743	0.3455456689252743	0.24721395267099516	0.6437707381982556	0.12869480011128798	0.21967324907134472	0.13890152205179646	0.22573811330789254	0.1411472813026214	0.22302141225750977	0.08242460925712547	0.07875864299421387	0.14867899149877162	0.732578760396351	0.0019293233202377635	0.36270607348875805	0.2940495784889804	0.46202225287906895	0.2647836213650496	0.009705481347587308	0.08730208882085955	0.17800297832443446	0.12256818365274552	0.053010578582075696	0.014501876142820058	0.04934474465756655	0.0	-1321.8655954955857	-1285.5265530609515	-1823.8691011938529	-23.424977222267028	-16.64018226690599	-16.90949263661949	6.123138797563598	2.3772053405516362	2.7525080475222152	0.45368230384691266	0.3611552045828064	0.11709649747061396	0.15855082619018976	0.09617779194114093	0.7525467097094052	0.23863707396001432	0.0987258043991694	1.0080277446051524	2.0016356811402263	0.5093336865841573	0.377670679796968	0.6437947166881637	1.238998141578535	0.18932712215350084	0.44870881380529176	1.990298282985953	0.8922706536595961	0.11197127808276437	0.17256489835127922	0.011876636019763217	0.07151252354479927	0.04940533850933331	0.43052618051046304	0.019851738057659964	0.018516536597418223	0.03971946490395982	0.033042674123963625	0.0862237061502423	0.027901015942055487	0.09718491956777472	0.22487398089911817	0.10842658944217182	0.11662160632730856	0.15944895633081418
15000	-4382.167860936887	-4335.038792965471	-13.033914502181823	-34.09515346923497	2.0564813163688695	-2.9376235134306974	0.5944866808723516	1.5581218616322356	0.8915654992306156	1.3536890925613045	0.0239999268642369	0.0239999268642369	0.5361088988073146	0.4922283226263219	0.4621295465930185	0.4922283226263219	0.5361088988073146	0.4621295465930185	0.5691223615437494	0.0013643924643652605	0.007034003812003697	0.09385996196966073	0.04997938578866801	0.13235713427933304	0.0	0.6094947030212389	0.4888144199145176	0.03204323950410587	0.03204323950410587	0.020572917796372478	0.4369740464011128	0.08211165036811666	0.010020300337872249	0.4888144199145176	0.020572917796372478	0.21121347774215685	0.08211165036811666	0.010020300337872249	0.07325176988560361	0.07325176988560361	0.09401273003897512	0.09401273003897512	0.005478432685038832	0.005478432685038832	0.599046527442166	0.6240109778628765	0.599046527442166	0.598670783137953	0.6132770729819054	0.517597299714085	0.5794898170516759	0.1291018273740402	0.081073483423868	0.1425157706505631	0.11094404597728946	0.005774651600152891	0.014606289843952402	0.171508833060051	0.05425173559890498	0.05869087687122121	0.23342197383695595	0.02026864884013113	0.5075769993762127	0.5831471336247135	0.012638638236496247	0.5176724356396871	0.03294126189725399	0.5901567717923732	0.06247324683188771	0.6908713708901921	0.0393975638151004	0.012325812184214247	0.8617720580570047	0.8861539117791091	0.003961585529278944	0.0	0.610195882075013	0.15393010663691656	0.06715239648150419	0.21234919674100616	0.21234919674100616	0.1803584738410872	0.3971289031184265	0.04433958940519265	0.05921099296215384	0.06715239648150419	0.04433958940519265	0.15393010663691656	0.3971289031184265	0.08498881424587532	0.08498881424587532	0.21146829447329413	0.21146829447329413	0.06926254746025576	0.06926254746025576	0.7811371726828076	0.610195882075013	0.6639642768301002	0.31625590140758314	0.31625590140758314	0.4350825564333052	0.4350825564333052	0.022645507286140787	0.12019757107183077	0.011939846484467831	0.01487140355696119	0.024845867490196683	0.1746208181403468	0.059735868974321815	0.337618308858324	0.025478457397068055	0.02950368595802999	0.2592166173708228	0.585750122617788	0.12799273499070696	0.03641535769772597	0.5700238558321684	0.113206077359583	0.04450928289205203	0.33377322759068107	0.1171728958527074	0.008951606752056418	0.2004449765658246	0.3160929804522096	0.6436818470595955	0.010989936677365253	0.0	1.276107554499871	0.15192538416607076	0.10852548656861719	0.5159898164259109	0.03334161207615212	0.06051850012406303	0.3937516966290076	0.06400078752243421	0.18173965545701617	0.15192538416607076	0.28454490813191524	0.06400078752243421	0.03334161207615212	0.36061214676208325	0.36061214676208325	0.3134902867960556	0.3134902867960556	0.03982832383199219	0.03982832383199219	0.3332657767293647	0.7371711305974453	0.3332657767293647	0.5954397222336196	0.7779843793121254	0.08186671858708076	0.08186671858708076	0.04800698644455416	0.11773886793458196	0.13629224873523488	0.3342501609688947	0.027176888047910908	0.013887414987582392	0.17601942156329806	0.05150836188179475	0.12819476470682967	0.20513728444800283	0.035599045799770024	0.938079137013226	0.27571058916125096	0.2483642191285324	0.4481772267771617	0.6288181282493925	0.5757047132491792	0.11271365912201137	0.1492809037642031	0.29820009365465283	0.24182631246293684	0.297007399114122	0.033263753314302646	0.07758153806143353	0.0	-1278.2710128074968	-1259.168462497123	-1797.599317660851	-5.270253348635949	-9.737301469568425	-19.0875986510306	3.6793163251969645	4.231616001579722	3.5299312370405977	0.17687813061152952	0.312726026780931	0.27861881330527977	0.35259834506099896	0.0570773531732872	0.5358981604690033	0.14487333407063055	0.1100888748758794	4.674447010017885	0.33065330010504107	0.4207827858540501	0.14525704735656184	0.1984456019214272	0.3234847986624375	0.1837871703321144	0.4427113878878577	1.9625507799242574	0.9383502232637374	0.18446202362796152	0.17255476989572122	0.04347760718544001	0.06332717159800653	0.03428648694893254	0.48161950509560364	0.03714950949794455	0.021716549606259853	0.15374253373707508	0.0815665171604521	0.1788986557682846	0.0074307431887466755	0.026428304556828618	0.2493879972618862	0.09314563123567106	0.08978876776541211	0.09766343267738255
20000	-4366.518701628113	-4319.112939431167	-21.256902704425308	-26.148859492521076	1.7408465473969381	-1.2105501147862454	0.469793148037871	1.1506552588235648	0.8948172578857219	1.2160957226783955	0.0028684003381828148	0.0028684003381828148	0.3222697605863791	0.3900024901414606	0.38479634848177885	0.3900024901414606	0.3222697605863791	0.469793148037871	0.4145482711884588	0.06252658789539978	0.0022072646821479913	0.07758339321426239	0.050169211829081406	0.03262032304486273	0.0	0.48397126356798115	0.17413854024593173	0.10990030216498338	0.03563069169288734	0.09435963363963168	0.12906505776035182	0.12906505776035182	0.2077832748621283	0.17413854024593173	0.05053883475174777	0.23251792976575822	0.10990030216498338	0.03563069169288734	0.13274698574070448	0.13274698574070448	0.2165311567146702	0.2165311567146702	0.12878079599687597	0.12878079599687597	0.21275459469337613	0.21275459469337613	0.4900455812521768	0.47123081450123533	0.4993368631205241	0.39273299476213513	0.3983701345383839	0.1034528720054064	0.0784978197391002	0.014908143058860436	0.22423159429245215	0.05304831471294963	0.02810604861928878	0.18494971990000683	0.16699611645929538	0.026168421985835633	0.043820798887883906	0.03140890262997792	0.09788297269714492	0.33656331521539984	0.03351166777282566	0.2852837769178558	0.029655842094034046	0.32378692773864665	0.041534021538378596	0.402689979729684	0.243779318785975	0.6191844830970048	0.011769352380349152	0.625149973717205	0.0011439116866697185	0.0	0.7203327482137789	0.1265695839687712	0.3099278434456335	0.3720336693024088	0.3720336693024088	0.06699238744745845	0.3695037090471893	0.02940173146859861	0.3766641844550139	0.06699238744745845	0.027934729733039614	0.027934729733039614	0.3695037090471893	0.0451021308906491	0.0451021308906491	0.17342946943343254	0.17342946943343254	0.003429223863875547	0.003429223863875547	0.5530532756865595	0.6213411447359981	0.49256697803348454	0.41986462381573053	0.41986462381573053	0.37291413909982607	0.37291413909982607	0.033642078659062324	0.18335825947686232	0.05957719652131274	0.0014670017355589982	0.11456437469961811	0.017376910156811642	0.030424514572654382	0.13282175465384705	0.06265074333773807	0.06828786904943862	0.35953731935681166	0.39839520644093845	0.02078734020944839	0.10469808740599895	0.3567222994141649	0.3472624529864153	0.069786422265944	0.1290592730864763	0.06048629765307495	0.09074254772867052	0.0989916034777808	0.08177323605411735	0.6166897010462904	0.06232293207709594	0.0	1.0435178031714567	0.0759157338052284	0.03384454336985337	0.4241631592777441	0.027728885383403	0.06281741788820099	0.0759157338052284	0.1599538390274103	0.07168750307456137	0.45042223497904327	0.13652151001230922	0.03384454336985337	0.027728885383403	0.25039370703002595	0.25039370703002595	0.17493532604375023	0.17493532604375023	0.026561518641721866	0.026561518641721866	0.47241907112884435	0.6481435493732705	0.47241907112884435	0.5012223340176594	0.662425822244197	0.22298942308390662	0.22298942308390662	0.07370409212410824	0.08826633595284894	0.0502383675099502	0.26420932025033383	0.03508853250479799	0.36537435610747454	0.037842959704708	0.0508000990386161	0.1336490227499434	0.14566610766587607	0.018502244678378132	0.7487458937190465	0.042075455494482716	0.2641008195933011	0.17719444438518644	0.6003720863170181	0.3810919809272597	0.10133174128121997	0.1369309216852329	0.422286065639249	0.32426813366386464	0.023599034439180322	6.735321021243967E-4	0.1725779195069388	0.0	-1278.8271346785	-1244.2653187778105	-1796.0204859748567	-1.4279885287386502	-10.548438466348179	-14.172432497434245	7.391189863804034	3.7148122668480723	3.025771717810674	1.8820949196627508	0.5946950188759283	0.12797417157522678	0.231980422424758	0.09077448500461706	0.6445383749761576	0.10939099538321476	0.1371370907798155	2.897704059379741	0.776166431354366	0.8667539173390488	0.08320679104569852	1.1294990322169425	0.5131065707707816	0.1833285561710456	0.37579610380781564	1.83913212494223	0.09729910819299901	0.3585155202871559	0.11019885002088185	0.02335520498769799	0.04586904074496125	0.07193007606598874	0.8002446931022067	0.08888263645580462	0.027419354671375136	0.17057114809266963	0.028403781120306056	0.11861509233556736	0.01745737612349749	0.055051940818292254	0.2657713017452704	0.12172085951786388	0.08757859820698377	0.08713608295836071
25000	-4293.453681497521	-4321.065124870141	15.298227041804477	12.313216330815575	2.542645686270368	2.3116247485630503	0.2748239427646129	0.6406911574274864	0.44878202516740684	0.6645315516997913	0.15152446811613485	0.21610922079407	0.1615777622052555	0.1680407944998549	0.15152446811613485	0.1680407944998549	0.19703054627361688	0.21607697057240743	0.010053294089120646	3.225022166256086E-5	0.07779339649099604	0.02898975177376198	0.05871472197054292	0.05449920836715194	0.0	0.2021835736804901	0.15597366448261635	0.10486793201698863	0.06000074100274035	0.014423521578884062	0.028324676304677728	0.008733818625257909	0.17262224789453254	0.15597366448261635	0.008733818625257909	0.028324676304677728	0.014423521578884062	0.10486793201698863	0.002339947312211293	0.002339947312211293	0.015389420794144433	0.015389420794144433	0.17492297843009927	0.17492297843009927	0.06433615378485354	0.06433615378485354	0.19546099880951603	0.28032190414438757	0.2926664654079947	0.17262224789453254	0.17715492842043093	0.11715418741769057	0.10769965624985503	0.08337365198692206	0.03995862644001205	0.0063197555874250355	0.012344561263607112	0.08960415003500612	0.031676064698062625	0.01415506835603736	0.08391444708137996	0.01877736250219747	0.08990361534364667	0.013941989676579392	0.028575369095515446	0.20864694711088705	0.3522872096032249	0.24917717293774125	0.10463796008354195	0.11348096939416222	0.13112484502466248	0.036886827574308945	0.02748075234492106	0.3275498680760293	0.11720899842882868	0.0	0.35738151852954864	0.17505157092580065	0.04431059561096824	0.08001841447491961	0.08001841447491961	0.024499482580353626	0.1159603399352304	0.008696227576733186	0.0038894300211722932	0.0038894300211722932	0.008696227576733186	0.012435646521644073	0.1159603399352304	0.023233469345093405	0.023233469345093405	0.023327571218503765	0.023327571218503765	0.005280374792082951	0.005280374792082951	0.2847968578305646	0.34523627105678606	0.2731463119115374	0.09799596208769842	0.09799596208769842	0.16874192907097393	0.3318870079836382	0.01084309020553853	0.012063836058709553	0.1250847250503117	0.009282839603918739	0.11187661265521467	0.030360844455462277	0.020907621801987297	0.1190843590515166	0.13074097531483242	0.06043941322622148	0.11689501718376866	0.20527872347520582	0.05278158913574353	0.06994529888155043	0.18732562892219537	0.010528273426695878	0.02145520775630777	0.003739418944910887	0.0116505459190272	0.0625872136442486	0.03360045522907035	0.20214033388841393	0.3340539473110449	0.029892892163100072	0.0	0.6201956288783018	0.023548713459302005	0.090231887273167	0.22277490349988505	0.0490934446318971	0.10197508017051624	0.023548713459302005	0.012969240847112552	0.012969240847112552	0.0490934446318971	0.020386414071799336	0.18737013412737463	0.020386414071799336	0.11922393633302418	0.11922393633302418	0.20167934853603767	0.20167934853603767	0.01408867711716529	0.01408867711716529	0.2023530849698241	0.2882509676633042	0.2023530849698241	0.2882642693015127	0.4231057235427044	0.11747960200388669	0.11747960200388669	0.08349240720953408	0.06984547320136766	0.0057902720003475405	0.1744008932802621	0.05288163553861914	0.0028269302880618297	0.035404769372510414	0.07174921431218484	0.0674254136168021	0.21935318646038288	0.1569273975761042	0.47773068891696147	0.018472469076678016	0.10160161771347793	0.05328135076652868	0.29014001749808904	0.1970899053355974	0.10055656347078162	0.09977425657203776	0.015784788089560353	0.14721223931111335	0.11171304453074982	0.03506719766915395	0.04433592282148946	0.0	-1275.4675992817474	-1248.9903231246788	-1796.607202463714	10.572532736723458	7.653706109965357	-5.913022515873241	3.8726479713558146	4.293878386126713	3.095887426163443	0.13729029580432722	0.10434844397672081	0.04959428695598829	0.13896587311359732	0.06267733317382819	0.40747869972876577	0.04374088837488082	0.08090276816406948	0.04038441271736594	0.06487154104758965	0.21473791261702507	0.05046027364241857	0.26990299192618344	0.09728696559666845	0.0899054931745892	0.11110671398179046	1.839046816187669	0.05312388518637112	0.0916681937187982	0.20821343455052788	0.013026626889646335	0.024025974503114327	0.07166704074399344	0.5561744529275152	0.09008489964695696	0.04902674292804697	0.7194739442143848	0.010866647164765663	0.3291352042444289	0.01955296685840095	0.0772460312512311	0.2723399468075337	0.22871735065265406	0.18689426386289898	0.12792526708471538
30000	-4274.815715321948	-4317.142223356706	13.818338052565263	28.508169982192616	2.818718398658923	2.8790778414688836	0.22898976695108786	0.7335409579400964	0.42489645027328926	0.5500094394513052	0.20731434793853332	0.21503687374365524	0.16003847726629586	0.15122991578415199	0.16003847726629586	0.15122991578415199	0.17559479389869884	0.18489382622804063	0.024855348961744766	0.0077225258051219214	0.05339497305238902	0.02436487811454685	0.01395289320743262	0.02242052171049269	0.0	0.19251519210567258	0.11627770969601176	0.06852412709752889	0.018045565882528335	0.0011382952216309865	0.07985958628873693	0.1673097609608346	0.15604907204495463	0.11627770969601176	0.03369480562167196	0.018045565882528335	0.0011382952216309865	0.09012288451194811	0.0032657000009847412	0.0032657000009847412	0.06660515075437227	0.06660515075437227	0.003242440421379271	0.003242440421379271	0.10358245195335497	0.004012891559016498	0.004012891559016498	0.25501724787120106	0.23902224453154663	0.15604907204495463	0.16911777303734904	0.0892581867486121	0.09896817582624642	0.0771868764488865	0.08478933934096722	0.04000556225279228	0.016280523135673464	0.03255651040004097	0.0618140204062086	0.03227552647532789	0.034829321475856934	0.031949275999629934	0.021598757414419217	0.025205431144837975	0.11489571659331141	0.12987023417012827	0.19323294450312128	0.19864991959755415	0.00650149017308177	0.005440234674038341	0.09956956039433847	0.5150627893934301	0.016562548948127476	0.4622431869332219	0.03145370532148589	0.0	0.3235870138692074	0.012890363748491401	0.012890363748491401	0.04808146477226999	0.005427474230791858	0.005427474230791858	0.15299042975945315	0.02194143569347353	0.15136726389313002	0.020884003728924315	0.1515888054431777	0.020884003728924315	0.15299042975945315	0.010045886577445902	0.010045886577445902	0.05996894940474946	0.05996894940474946	0.002894340361154758	0.002894340361154758	0.27688661504593404	0.31459455953813514	0.22669260190376286	0.1316192052073808	0.1316192052073808	0.1512611293352404	0.24001039933035495	0.0069219875989850466	0.10921371283486897	2.215415500476936E-4	0.04265399054147813	0.009201422735565706	0.07954784725954883	0.030028980132160155	0.10317966456297042	0.13196224333518755	0.037707944492201106	0.15485707081077416	0.171781576548463	0.007472122311352969	0.08793072499840376	0.16463003033217186	0.00905107194498213	0.01337871140567809	0.002314873585483379	0.05019401314217117	0.05201668499414511	0.022371165736750354	0.13149818665614926	0.26361806446445796	0.1304832601642057	0.0	0.5429959450860181	0.09421975854437711	0.1608804667940389	0.15885754297650148	0.03784201568919479	0.03784201568919479	0.09421975854437711	0.026148825892696993	0.011812732276383988	0.029767939277749105	0.029767939277749105	0.011812732276383988	0.11648272509367003	0.178832636629784	0.178832636629784	0.14788231288853027	0.14788231288853027	0.1321167393865801	0.1321167393865801	0.2251605598355874	0.2485003630720569	0.2251605598355874	0.23249622584310753	0.35008700938048243	0.1550161273466632	0.15424790480089212	0.07331671317658023	0.08671478581592092	0.017826747413711597	0.014336093616313005	0.12101552728730669	0.011962407966335908	0.2475292973817725	0.044397741700368865	0.00508429954376069	0.06887588341325124	0.08184120130171879	0.1903438066424887	0.028424102780230193	0.0696677264422729	7.682225457710801E-4	0.25641943444225734	0.1929089357055357	0.11482058029796802	0.0030921729294327016	0.1457076921205176	0.06002814625651501	0.05965335108273273	0.04427407036079467	0.007013494365287087	0.0	-1279.8201779947951	-1248.3332427010102	-1788.988802660901	19.185088537086006	14.18437329610698	-4.86129185100037	5.278443844696186	3.2740909503406357	2.723497671621308	0.33137226131735925	0.13090581504519333	0.0971563202468252	0.3583520797118165	0.025736619239386027	0.40987288294610064	0.02794667041361579	0.04759771274602201	0.04894854158739043	0.042574020521609385	0.11112356585251093	0.07043100541097698	0.12345306337555136	0.04016314579573551	0.0732387487725957	0.10900116404603677	1.8025185596898536	0.029642648276902377	0.0619082964064675	0.26210705912137655	0.00386929088252674	0.014119061671696055	0.042824121809956296	0.720728290020175	0.10841176248322489	0.1582660770371646	0.7657463964510002	0.008724141651858927	0.44717716841857236	0.016980488606502264	0.047435524000472885	0.2481409155930603	0.19392933542896604	0.1694636735566979	0.16479010423448187
35000	-4209.135927131199	-4308.291459424143	23.801290079692834	75.35424221325029	2.2823609955366977	3.2354642120322654	0.21348228124102483	0.35714408819037136	0.3029073931800093	0.3099910023329311	0.13033589749475202	0.11087916683456624	0.11535354035364143	0.087776101748834	0.12490648331908633	0.087776101748834	0.11710892064317713	0.11087916683456624	0.08857579792193851	0.004474373519075189	0.013226976851574895	0.029332818894343124	0.08314638374627281	0.0095529429654449	0.0	0.1562568081904281	0.09186985038321467	0.07203893075146228	0.002241448519122868	0.002241448519122868	0.001335531397559921	0.015997285142369987	0.10269435594530416	0.09186985038321467	0.00229445416811912	0.001335531397559921	0.006566234051947402	0.00229445416811912	0.009544862715137967	0.009544862715137967	0.016894884971972106	0.016894884971972106	0.0018391584254048281	0.0018391584254048281	0.017187399889303408	0.017187399889303408	0.1167635821017437	0.15396666887935884	0.155882374990823	0.10269435594530416	0.09719982965799809	0.005230702654387481	0.05127231293405468	0.01621143883378926	0.08518870332913138	0.1189223278121577	0.0019157061114641605	0.0906335956060507	0.03983020677530304	0.0770746918626726	0.01375583662324712	0.06116320666586761	0.053533037749553904	0.0842178774389658	0.023619147819018443	0.10929904641843483	0.14797392078402055	0.10721871938660574	0.07670025866306751	7.034568391278417E-4	0.1083030746619757	0.20733100898094597	0.008726892449535395	0.0052646935247180615	0.07985872405434796	0.0	0.27054217168206224	0.09039858790332105	0.04654132582780393	0.011659927270127726	0.05287239565757436	0.01472955164660889	0.03667020750179074	0.04654132582780393	0.10671675834574863	0.10039487489595668	0.011659927270127726	0.01472955164660889	0.03667020750179074	0.024040494087142653	0.024040494087142653	0.0471759076070154	0.0471759076070154	0.00728711845502374	0.00728711845502374	0.14250646369206826	0.21467680026109698	0.1321064752306801	3.000395411934513E-4	3.000395411934513E-4	0.0923823342813826	0.0923823342813826	0.009865470317530683	0.045125266165068414	0.006321883449791954	0.039443883424527953	0.0017522674479848593	0.0018183226472651415	0.06757289309898028	0.04121246838744663	0.04697849650042906	0.07217033656902871	0.14119989835166158	0.11903189527634804	0.055646071580311575	0.0061493733675132	0.10227851964422913	0.028690539756283093	0.026215848130433872	0.009996286992635633	0.005787461499308311	0.010399988461388177	0.05586537142096526	0.1515419849696236	0.2495821122054807	0.015166722319234022	0.0	0.3099910023329311	0.050390589869211695	0.0077799697039852974	0.06612575437974433	0.06612575437974433	0.07134909102634274	0.050390589869211695	0.0077799697039852974	0.022892761544243734	0.0161336369013484	0.042419206289244775	0.0769936690921811	0.0161336369013484	0.09960422232412539	0.09960422232412539	0.054907023592918706	0.054907023592918706	0.002186219898113933	0.002186219898113933	0.09959709238727518	0.16005827050797525	0.09959709238727518	0.13246003670262463	0.24054200427212294	0.09202941978517655	0.08948877669585953	0.09763642839715317	0.026285569387896376	0.04043061691744808	0.03491682916864139	0.04056140723447975	0.09725527050116822	0.054100907547937366	0.015112791840258436	0.03338063853057319	0.049951931674412	0.024147334074022475	0.20782398228427332	0.02708053959012688	0.027073409653276675	0.002540643089317021	0.179250512663491	0.06719598376926286	0.005223336646598409	0.030995077614147284	0.07358045178497608	0.039098186826647834	0.0032310990845567655	0.007214440087788376	0.0022530142915452855	0.0	-1276.3297372446789	-1250.794395555722	-1781.167326623742	27.89106566585025	28.184657679100297	19.278518868299738	5.295952427345058	4.128943772453588	3.79221359222928	0.028149107196933656	0.08996243734152226	0.021831829725236424	0.09645951791826633	0.013298415319735343	0.20066372850409098	0.05622370257561878	0.02668802976980412	0.04039671253673606	0.32979891945895073	0.10286381053847023	0.043525143014578264	0.06760389851517797	0.07711504392557843	0.03760420542989583	0.06066196726340362	1.8280813440781816	0.01621976768500415	0.04793704683742653	0.11573245727414419	0.0026784072446597693	0.006631855838111218	0.04109220636582972	0.6934510964982588	0.09855072641591336	0.1996234114308736	0.3051194938029155	0.00575481267333292	0.32490551770580567	0.04885987539869757	0.050969840179819405	0.2773180377270029	0.3529953193062392	0.24956448739889947	0.41317519075432274
40000	-4239.795375551282	-4289.571856864208	8.533775684653548	41.24270562827222	2.4902039475434097	2.562266042469641	0.3693803887645381	0.5529738714833383	0.503883913387058	0.4499538811827642	0.13001384459999304	0.13345897818834343	0.10857356078881147	0.11325523901844758	0.10857356078881147	0.11325523901844758	0.16934015065995756	0.14232959584045068	0.22705079292408742	0.024885417399531956	0.03932630605996451	0.01675860558154546	0.20004023810458055	0.008870617652107254	0.0	0.19741548521144614	0.18979960687907746	0.09267037411977705	0.03884914711436805	0.08158837451363193	0.15327952850131915	0.03884914711436805	0.12317798419396064	0.18979960687907746	0.08158837451363193	0.12781772792255455	0.07452274591752825	0.07452274591752825	0.008734523913965625	0.008734523913965625	0.0417810489804633	0.0417810489804633	0.00724230347041173	0.00724230347041173	0.07370383483301983	0.04939287191636024	0.04939287191636024	0.13295665097092466	0.19367495756608727	0.12317798419396064	0.12781772792255455	0.07354272301218279	0.009778666776964012	0.03365159337304907	0.25399936174275806	0.10917490286150283	0.06071830659516261	0.0254618005787646	0.0181476282022488	0.051994985099559604	0.0024231112633506247	0.006209683049231723	0.06246072340603767	0.14993354378449575	0.03211020175804305	0.1304117793056362	0.20320861138510665	0.16960618918350973	0.04825445745420073	0.006147884811375848	0.024310962916659587	0.34252295662781995	0.09848899345307967	0.19812902595618861	0.041712845446776364	0.0	0.49491976990248415	0.17017962945603365	0.10542476266835146	0.12246123379348299	0.04419556042555972	0.005855974175542133	0.11711169621435497	0.11503692514394451	0.17017962945603365	0.08107066357142745	0.005855974175542133	0.08107066357142745	0.11711169621435497	0.049236920573531094	0.049236920573531094	0.07327053893638334	0.07327053893638334	0.0034803127260436065	0.0034803127260436065	0.16684761032890363	0.17833907152444115	0.1458547080595021	0.13970669409992714	0.13970669409992714	0.17317077772066677	0.12246123379348299	0.019241971276875713	0.009612162475593045	0.06153073837993456	0.08024402490924806	0.026815403625821493	0.004176546545733489	0.04873119238585899	0.07334840100727179	0.005621890512840316	0.011491461195537511	0.19505210014142238	0.1334159829159496	0.0073278891204528185	0.0998814884145735	0.08765937506846211	7.661435550050943E-4	0.008964143484573805	0.024354099096924015	0.008958412417508888	0.020992902269401537	0.2166992099634695	0.03609482586894683	0.4306133744506746	0.038339586250017585	0.0	0.4100481098760592	0.1134258688177891	0.005677031466800753	0.12061530322949197	0.12061530322949197	0.12944914927798715	0.1217413394344446	0.05466348547827013	0.021645070575680755	0.03930265896020972	0.057351269461308425	0.005677031466800753	0.03930265896020972	0.09261753438325297	0.09261753438325297	0.10629599338660196	0.10629599338660196	0.049253771534013474	0.049253771534013474	0.11306824566906203	0.24283636961273666	0.11306824566906203	0.15291491456660178	0.2301818696285797	0.1134258688177891	0.12168718033621434	0.053461053029876526	0.018048610501098704	0.016571906408349574	0.003599987344794081	0.008833846048495173	0.08096197638148575	0.015968039108880002	0.033018414902589374	0.08153326864036642	0.10767920998407718	0.059588950967907006	0.30126180806280034	0.04823485530330822	0.06868556658911727	5.415909823025533E-5	0.28406893682825524	0.17986624024747952	0.043671679975921945	0.11845734377563896	0.039849350618043344	0.00826131151842524	0.01460166872380761	0.023805902032101395	0.039905771306704974	0.0	-1267.5746365805044	-1244.8468082758088	-1777.1504120078948	10.742395622951795	17.23903290363223	13.26127710168819	5.230434991477189	3.901218096166582	4.238640011747352	0.33190862615561156	0.13068440716251453	0.03393969598665841	0.08756832196483438	0.011592863941926277	0.31220054057383806	0.09204855512855009	0.04432885924946234	0.06376803037646842	0.22316302268810115	0.17390739639856773	0.06156721278159099	0.08200484102967928	0.029080830685860582	0.06832176126122091	0.08412070143091119	1.598130815252778	0.07294550203523566	0.07466582479182872	0.22051044932103672	0.00815713718441986	0.026860518844509112	0.011074779320026084	0.6841309983211468	0.1515788480616537	0.11261328676203201	0.7630272672880021	0.016420223020911694	0.4971340041258452	0.15243641507954514	0.0646946520043034	0.4753518627283313	0.211608622306068	0.1403956844038207	0.24713322502345267
45000	-4256.9939874234415	-4301.959305250774	6.490166017616417	38.47515180971647	2.0445666730282337	1.771556208948442	0.49161742212810366	0.6554562793190052	0.5386340969178625	0.4925702967120337	0.12387809643586029	0.07895538450567777	0.013237824089552317	0.1045260012772544	0.013237824089552317	0.1045260012772544	0.2116694201812773	0.0666160154438338	0.4126620376224259	0.053378191354281485	0.08779132374541701	0.019352095158605892	0.27994800194682634	0.012339369061843963	0.0	0.28956769906678903	0.23769799221979987	0.13259529325182456	0.060911411614837076	0.1915861207349057	0.11111142701559468	0.060911411614837076	0.13259529325182456	0.23769799221979987	0.11780629354800583	0.09249421808238106	0.09249421808238106	0.11780629354800583	0.016553841002167977	0.05146648855792137	0.06468683569536912	0.06468683569536912	0.016553841002167977	0.03672304097941576	0.0039058867218921883	0.0039058867218921883	0.0861236563370392	0.21867607819325388	0.1915861207349057	0.19981619296436673	0.1188060170767443	0.007694590061149628	0.018859885228887152	0.06722089971254216	0.4177582870992053	0.16108382242206182	0.026370701012326747	0.04163555319071928	0.0019576285116219005	0.017919957612024362	0.05751525147976885	0.05297166326151079	0.04263527671945776	0.0482423868891357	0.020385372058146847	0.017788008381928858	0.020169199977247785	0.014743447578505604	0.018639214058045805	0.3878634285017573	0.003648812259741216	0.01686915939718897	0.10260314167329386	0.20480475783015434	0.016659580421591713	0.0	0.5233675136150319	0.10696576582632487	0.05499757518690583	0.07648869142251567	0.07648869142251567	0.027267593847264987	0.08190223626555951	0.040303617543577044	0.0705061138753688	0.027267593847264987	0.05499757518690583	0.0705061138753688	0.08190223626555951	0.03145109389197989	0.03145109389197989	0.048716232282757656	0.048716232282757656	0.01543978979145804	0.01543978979145804	0.15906369088187192	0.29199986874408856	0.08926445664862796	0.031973288420997156	0.031973288420997156	0.12349387728366716	0.12349387728366716	0.10047311028347683	0.027892950129881314	8.830234808587245E-4	0.0373426754318148	0.05565622291450578	0.26970491092551724	0.017923375232997932	0.06492856109414942	0.02407524050953773	0.13293617786221665	0.04253802028751508	0.07382466685716993	0.10205303653862066	0.014051106970828675	0.11019233378414323	0.031289596128025524	0.015266583302830594	0.013036023696312057	0.052378971027495155	0.0174202632057488	0.21731653790011463	0.10716509701421197	0.4899178646351048	0.038769198152866516	0.0	0.4524452407279816	0.041904805179701556	0.0707492782887913	0.10618246436265424	0.10618246436265424	0.12356358877782685	0.041904805179701556	0.03738838545586864	0.003165083394500301	0.09902768122168425	0.1095742476324556	0.003165083394500301	0.09902768122168425	0.05141756908165174	0.05141756908165174	0.04829391818438599	0.04829391818438599	0.016340305839203425	0.016340305839203425	0.11920284836320948	0.18168408820664228	0.11920284836320948	0.17142326208230538	0.27564045190061165	0.10513794102521418	0.11671856672000838	0.04416886020471206	0.010546566410771355	0.07321503412457	0.041537990851321205	0.023159391818993513	0.013989341145371245	0.03336089283292266	0.03422330206136834	0.02471986686929825	0.009673608763257041	0.11088153487856253	0.1750173911306959	0.03776137297413455	0.10554665225569229	0.011580625694794205	0.25394531366407586	0.17680478882736994	0.10476060486764269	0.05859257789285646	0.19033106486357182	0.06323313584551263	0.04785967330447853	0.01851033876227301	0.04012505598405208	0.0	-1273.1775712156293	-1241.160644043146	-1787.6210899919986	10.662078408342959	13.572251619032581	14.240821782340928	2.820110020183292	2.7898269035363397	3.5504568260143055	0.07723506071969063	0.23736282112729915	0.12569848846423362	0.18120498548887337	0.13832094131395434	0.354841684497652	0.07689983538294382	0.07514531534363462	0.13016551994064837	0.038986155413916423	0.20959388321169004	0.059518832448541906	0.09057160275413616	0.021437623715092644	0.04138655302270918	0.10433052800436118	1.6259212397139715	0.027098665637382464	0.05168268434262927	0.9534721149399111	0.0012768176911750573	0.053895036938912955	0.05479473958836127	0.8581372692794393	0.27796641552870904	0.29654228274680616	0.22347529491872492	0.019504843818424083	0.5464023407802128	0.20665442749355295	0.1238271160950644	0.4061021650380996	0.1517825352947948	0.10890634056536218	0.17536876353165065
50000	-4258.233273124152	-4308.610635615631	1.9197323641475315	48.45763012733046	2.569711059359864	2.3731992612025907	0.4825611784521723	0.5017392907536958	0.5108344567607246	0.5279651950060765	0.15040656715840953	0.10684114404880962	0.08957642037256704	0.11979483426102083	0.05572699095953451	0.11979483426102083	0.15993674128450924	0.05572699095953451	0.37572003440336266	0.017264723676242585	0.009530174126099716	0.030611732897388694	0.32262443716766304	0.033849429413032525	0.0	0.18505127673997443	0.3822740245943031	0.1732644877059385	0.059793367679364974	0.1541155454029894	0.059793367679364974	0.15073208508904612	0.15073208508904612	0.3822740245943031	0.04198914106687496	0.1428409777393907	0.14538617867356043	0.04198914106687496	0.06698438880625703	0.06698438880625703	0.1016463259857907	0.08163072992187644	0.11391549966755689	0.08163072992187644	0.11344278646651244	0.05946410505451951	0.05946410505451951	0.17814805478295168	0.1541155454029894	0.14538617867356043	0.15126065754295082	0.09248667286917592	0.025308934888929685	0.007452941220461556	0.11946526615939274	0.01031865803350196	0.019148942302949085	0.002182001202859357	0.00841967980356012	0.09953400546872246	1.4411064252378702E-4	0.011786789034035933	0.11145351767893522	0.0021070348049758714	4.727132010444446E-4	0.011796460480721749	0.3521074786454389	0.022621152576842343	0.03175272863668804	0.025397654407198086	0.007974811461222933	0.012040784602691326	0.07984904902023546	0.21373857246851974	0.08304761006002573	0.0	0.5108344567607246	0.12903361339414063	0.10151038465298197	0.1997046882596301	0.15057411149519076	0.040149071953984775	0.042391168696480186	0.10151038465298197	0.06741404621297598	0.040149071953984775	0.15057411149519076	0.06741404621297598	0.042391168696480186	0.023315300318112582	0.023315300318112582	0.05208999508055325	0.05208999508055325	0.006893966242393309	0.006893966242393309	0.13923647712704484	0.23397514803297978	0.11297608424198974	0.19103138537195322	0.1516159200090502	0.15368556039191625	0.15132833082235703	0.0031114488967254883	0.07802283708899337	3.0780578456734986E-4	0.06161956718116465	0.04376936706544432	0.25305096416309236	0.0414121374958851	0.046492427350709326	0.0331362051815047	0.09473867090593494	0.00460699037182874	0.08710986232237977	0.10893716212587684	0.011586376987292812	0.0706885282466605	0.022274500830342214	0.07893866221886242	0.01666152438999617	0.026260392885055106	0.01897225567721665	0.18633426952158957	0.055165730238386196	0.3682194224740161	0.039415465362903024	0.0	0.4982041116408871	0.014508203944846466	0.05202506999514149	0.08092717471115292	0.05202506999514149	0.1586522790506307	0.014508203944846466	0.11023977401977934	0.06417524036439516	0.0942635033788858	0.05333507787070569	0.06417524036439516	0.05333507787070569	0.04317974685345202	0.04317974685345202	0.05909198893927253	0.05909198893927253	0.0270510420367759	0.0270510420367759	0.07293972004977581	0.23002164409232276	0.07293972004977581	0.15552632643677977	0.28436177998333095	0.02396829198086741	0.02396829198086741	0.07772510433947778	0.04092842550818011	0.024961071848261573	0.01664317911320229	0.02890210471601143	0.061262823057893975	0.04606453365538418	0.0736332094259555	0.12106044187641934	0.14418046962164735	0.12400199792691702	0.3237233431872718	0.036021482166127605	0.06578145536245139	0.10671371799303137	0.29168239628477516	0.24360341502274557	0.08384561742439382	0.035433112393542465	0.023427728489922417	0.11617380602905232	0.0550854887352151	1.1675538538058472E-4	0.0297610833651894	0.0	-1276.9951513304231	-1246.5924574831797	-1785.0230268020273	19.114048113606003	20.223233409202386	9.120348604522071	4.364689768319893	5.705456018832651	3.579420599388931	0.2532870319641127	0.08294685632417666	0.07625709687640785	0.22043740776605497	0.043176505365219525	0.6365522552116254	0.0512476112541566	0.07731444159186415	0.07993136854638483	0.02876143757984548	0.025098274158631695	0.6694771637878908	0.14922473247257792	0.2517459880531369	0.03990534638593222	0.16809182701676442	1.7244000336418814	0.02254407933917276	0.04744079428849343	0.32382211557437723	0.02231542781176222	0.04510879827616541	0.04788594375211871	1.005981485515436	0.16732753284414587	0.26640946076084016	0.20113109854291164	0.17944405280625392	0.25079447888883377	0.17804905908350324	0.08475377939553615	0.62556565607011	0.1541644933716519	0.1320636020080178	0.1691329487128524
55000	-4274.294125882124	-4296.588397031296	-11.147730243504853	33.44200139267718	1.7844801906517822	-0.5156141298714041	0.8038291701219742	0.9122225526800256	0.8794005085413755	0.8129538313049	0.20583003843047032	0.0830295222287161	0.10880249679841197	0.17021167753274238	0.12119643563774077	0.17021167753274238	0.2639635581852873	0.0830295222287161	0.6826327344842334	0.012393938839328794	0.058133519754816954	0.035618360897727935	0.5398656119366869	0.025772974569695878	0.0	0.5486244582953929	0.2173706278634985	0.03791456116955242	0.17131396335829538	0.049808698239383185	0.23220535291556652	0.21013371518662965	0.20842092249486227	0.2173706278634985	0.049808698239383185	0.21452214007595252	0.21663422284516964	0.03791456116955242	0.09973173710748977	0.09973173710748977	0.056684285406418594	0.056684285406418594	0.08011285194454383	0.08011285194454383	0.15905588307006524	0.10994195892929753	0.12765181093261835	0.21092248971172795	0.21013371518662965	0.20842092249486227	0.21452214007595252	0.09791317101196362	0.053520666454271504	0.0025015672168656744	0.6414709278405428	0.05338099697598431	0.054309440979369794	0.002112082769217122	0.01865513021889384	0.11149584404350271	0.1862681311174298	0.07954651977616498	0.07108811757645386	0.062311284612289096	0.721456606795365	0.04998547288133531	0.030838514074027712	0.010210221821807766	0.015571130070396871	0.11065309394011673	0.07096752552619975	0.03140407213744689	8.71548740567607E-4	0.31021709740864845	0.05041714754245833	0.0	0.8794005085413755	0.1288924574482893	0.1288924574482893	0.05247026456437461	0.05247026456437461	0.20846009085095005	0.20665548950017315	0.008290312747199054	0.21138379385226527	0.008290312747199054	0.009183699328846995	0.010588511930858883	0.20665548950017315	0.051843575665814795	0.051843575665814795	0.036368616738326184	0.036368616738326184	0.043967036799933676	0.043967036799933676	0.17890031148809368	0.3513672303624778	0.11328973947827659	0.21534108396462392	0.2073278732748228	0.22754148758465653	0.24082674174560137	0.005690861031288602	0.0014048126020118883	0.1750712230202819	0.04590563192558894	0.19673936134396391	0.048502299195462006	0.033705228305556334	0.02808232505085051	0.07956763340266074	0.17246691887438412	0.5171264821711095	0.09889013333872405	0.03417125224542822	0.07294498542920269	0.06144616381246179	8.933865816479411E-4	0.11310479417357566	0.0027671580299733767	0.029567430660381144	0.03604314134943595	0.34198349857611937	0.004055920577442473	0.656982112200271	0.0011901320823852757	0.0	0.8048101245034098	0.1748085300643733	0.2386342539104511	0.20584228808322338	0.17255753054958267	0.17255753054958267	0.10291375794896643	0.21796300262523113	0.21796300262523113	0.10291375794896643	0.16125242658503705	0.22134584512229805	0.16125242658503705	0.07279858746653398	0.07279858746653398	0.06561517237831717	0.06561517237831717	0.02073213589594216	0.02073213589594216	0.138717915171218	0.22039366166307328	0.138717915171218	0.21087304174070226	0.39597044865832925	0.015679128806009825	0.015679128806009825	0.013657578708935442	0.0687667649973315	0.003128007118075371	0.14367861603894272	0.03328475753364071	0.03606451167632896	0.033995254687992055	3.335753061633473E-4	0.1832897441522487	0.05661047139588016	0.09942882917235568	0.38295126991937983	0.025065275095975115	0.09098460280065915	0.1560013941402881	0.4374970626093605	0.4088396758450806	0.030612412190925142	0.03279196582722771	0.3098415963172223	0.007400800016405029	0.0030720033651907563	0.052692618520855966	0.008143706801490125	0.0	-1271.5004306969392	-1242.0361256653864	-1783.0518406689705	12.670783032308595	12.13922897377303	8.631989386595553	5.218094553214003	3.9521737523869125	3.2573208685109836	0.3940472084497597	0.48570371099361226	0.0837277883691809	0.25002907316673184	0.07402551639428781	1.1404298414539513	0.03121739551414057	0.0459141574935678	0.06909446036409689	0.041275650298037814	0.0804566525889162	0.47646137968424157	0.41302075147900125	0.2605725536909268	0.06566560327680303	0.23211181663739405	1.8361738249965982	0.022450733776911903	0.13163931048021082	0.47095057585019356	0.057211611597401145	0.09173806160936906	0.049492608577031125	1.1755013893147541	0.28899741973022797	0.26946858062673823	0.03339199521900001	0.08591975488383	0.2937938817535723	0.16718550838862065	0.09512417387068484	0.7990222086229841	0.08471932319999302	0.07776980495524295	0.11655859434771346
